TN:
SF:c:\MyProg\cordova-react-example-master\webpack.config.js
FNF:0
FNH:0
DA:1,0
DA:3,0
LF:2
LH:0
BRF:0
BRH:0
end_of_record
TN:
SF:c:\MyProg\cordova-react-example-master\platforms\android\app\build\intermediates\assets\debug\www\cordova.js
FN:21,(anonymous_0)
FN:31,(anonymous_1)
FN:39,build
FN:41,(anonymous_3)
FN:55,(anonymous_4)
FN:75,(anonymous_5)
FN:86,(anonymous_6)
FN:100,(anonymous_7)
FN:126,(anonymous_8)
FN:135,(anonymous_9)
FN:144,(anonymous_10)
FN:154,(anonymous_11)
FN:164,createEvent
FN:190,(anonymous_13)
FN:193,(anonymous_14)
FN:196,(anonymous_15)
FN:199,(anonymous_16)
FN:202,(anonymous_17)
FN:210,(anonymous_18)
FN:218,(anonymous_19)
FN:224,(anonymous_20)
FN:236,(anonymous_21)
FN:239,(anonymous_22)
FN:270,(anonymous_23)
FN:277,(anonymous_24)
FN:286,(anonymous_25)
FN:315,(anonymous_26)
FN:316,(anonymous_27)
FN:331,(anonymous_28)
FN:341,(anonymous_29)
FN:342,(anonymous_30)
FN:346,(anonymous_31)
FN:354,(anonymous_32)
FN:362,(anonymous_33)
FN:365,(anonymous_34)
FN:368,(anonymous_35)
FN:376,(anonymous_36)
FN:391,extractParamName
FN:395,checkArgs
FN:429,getValue
FN:440,(anonymous_40)
FN:444,(anonymous_41)
FN:449,(anonymous_42)
FN:469,(anonymous_43)
FN:476,(anonymous_44)
FN:480,uint8ToBase64
FN:506,(anonymous_46)
FN:510,each
FN:518,clobber
FN:528,(anonymous_49)
FN:534,assignOrWrapInDeprecateGetter
FN:536,(anonymous_51)
FN:547,include
FN:548,(anonymous_53)
FN:591,recursiveMerge
FN:608,(anonymous_55)
FN:611,(anonymous_56)
FN:614,(anonymous_57)
FN:619,(anonymous_58)
FN:624,(anonymous_59)
FN:667,(anonymous_60)
FN:686,(anonymous_61)
FN:689,(anonymous_62)
FN:701,(anonymous_63)
FN:704,(anonymous_64)
FN:721,(anonymous_65)
FN:734,(anonymous_66)
FN:742,checkSubscriptionArgument
FN:758,(anonymous_68)
FN:801,(anonymous_69)
FN:827,(anonymous_70)
FN:886,(anonymous_71)
FN:931,(anonymous_72)
FN:931,(anonymous_73)
FN:933,androidExec
FN:977,(anonymous_75)
FN:993,pollOnceFromOnlineEvent
FN:997,pollOnce
FN:1011,pollingTimerFunc
FN:1018,hookOnlineApis
FN:1019,proxyEvent
FN:1039,(anonymous_81)
FN:1047,(anonymous_82)
FN:1068,buildPayload
FN:1100,processMessage
FN:1121,processMessages
FN:1147,popMessageFromQueue
FN:1168,(anonymous_87)
FN:1176,(anonymous_88)
FN:1183,(anonymous_89)
FN:1190,(anonymous_90)
FN:1198,(anonymous_91)
FN:1209,logUnfiredChannels
FN:1217,(anonymous_93)
FN:1227,replaceNavigator
FN:1228,(anonymous_95)
FN:1238,(anonymous_96)
FN:1239,(anonymous_97)
FN:1255,(anonymous_98)
FN:1259,(anonymous_99)
FN:1274,(anonymous_100)
FN:1295,(anonymous_101)
FN:1296,(anonymous_102)
FN:1304,(anonymous_103)
FN:1315,(anonymous_104)
FN:1324,(anonymous_105)
FN:1338,logUnfiredChannels
FN:1346,(anonymous_107)
FN:1356,replaceNavigator
FN:1357,(anonymous_109)
FN:1367,(anonymous_110)
FN:1368,(anonymous_111)
FN:1383,(anonymous_112)
FN:1387,(anonymous_113)
FN:1402,(anonymous_114)
FN:1419,(anonymous_115)
FN:1420,(anonymous_116)
FN:1428,(anonymous_117)
FN:1439,(anonymous_118)
FN:1448,(anonymous_119)
FN:1455,(anonymous_120)
FN:1460,addEntry
FN:1471,(anonymous_122)
FN:1475,(anonymous_123)
FN:1479,(anonymous_124)
FN:1483,(anonymous_125)
FN:1487,prepareNamespace
FN:1499,(anonymous_127)
FN:1530,(anonymous_128)
FN:1548,(anonymous_129)
FN:1554,(anonymous_130)
FN:1559,addEntry
FN:1567,(anonymous_132)
FN:1571,(anonymous_133)
FN:1575,(anonymous_134)
FN:1579,(anonymous_135)
FN:1583,prepareNamespace
FN:1595,(anonymous_137)
FN:1626,(anonymous_138)
FN:1644,(anonymous_139)
FN:1651,(anonymous_140)
FN:1667,(anonymous_141)
FN:1677,bindButtonChannel
FN:1680,(anonymous_143)
FN:1693,(anonymous_144)
FN:1703,(anonymous_145)
FN:1710,onMessageFromNative
FN:1754,(anonymous_147)
FN:1763,(anonymous_148)
FN:1781,(anonymous_149)
FN:1788,(anonymous_150)
FN:1796,(anonymous_151)
FN:1804,(anonymous_152)
FN:1817,(anonymous_153)
FN:1832,(anonymous_154)
FN:1839,(anonymous_155)
FN:1847,(anonymous_156)
FN:1853,(anonymous_157)
FN:1863,injectIfNecessary
FN:1868,(anonymous_159)
FN:1878,onScriptLoadingComplete
FN:1906,handlePluginsObject
FN:1914,scriptLoadedCallback
FN:1925,findCordovaPath
FN:1942,(anonymous_164)
FN:1948,(anonymous_165)
FN:1957,(anonymous_166)
FN:1963,handlePluginsObject
FN:1994,(anonymous_168)
FN:2004,(anonymous_169)
FN:2010,makeAbsolute
FN:2019,(anonymous_171)
FN:2026,(anonymous_172)
FN:2049,(anonymous_173)
FN:2065,(anonymous_174)
FN:2073,(anonymous_175)
FN:2081,(anonymous_176)
FN:2086,(anonymous_177)
FN:2093,(anonymous_178)
FN:2123,(anonymous_179)
FN:2124,(anonymous_180)
FN:2131,UUIDcreatePart
FN:2146,(anonymous_182)
FN:2158,(anonymous_183)
FN:2160,(anonymous_184)
FN:2162,(anonymous_185)
FN:2174,(anonymous_186)
FNF:187
FNH:0
FNDA:0,(anonymous_0)
FNDA:0,(anonymous_1)
FNDA:0,build
FNDA:0,(anonymous_3)
FNDA:0,(anonymous_4)
FNDA:0,(anonymous_5)
FNDA:0,(anonymous_6)
FNDA:0,(anonymous_7)
FNDA:0,(anonymous_8)
FNDA:0,(anonymous_9)
FNDA:0,(anonymous_10)
FNDA:0,(anonymous_11)
FNDA:0,createEvent
FNDA:0,(anonymous_13)
FNDA:0,(anonymous_14)
FNDA:0,(anonymous_15)
FNDA:0,(anonymous_16)
FNDA:0,(anonymous_17)
FNDA:0,(anonymous_18)
FNDA:0,(anonymous_19)
FNDA:0,(anonymous_20)
FNDA:0,(anonymous_21)
FNDA:0,(anonymous_22)
FNDA:0,(anonymous_23)
FNDA:0,(anonymous_24)
FNDA:0,(anonymous_25)
FNDA:0,(anonymous_26)
FNDA:0,(anonymous_27)
FNDA:0,(anonymous_28)
FNDA:0,(anonymous_29)
FNDA:0,(anonymous_30)
FNDA:0,(anonymous_31)
FNDA:0,(anonymous_32)
FNDA:0,(anonymous_33)
FNDA:0,(anonymous_34)
FNDA:0,(anonymous_35)
FNDA:0,(anonymous_36)
FNDA:0,extractParamName
FNDA:0,checkArgs
FNDA:0,getValue
FNDA:0,(anonymous_40)
FNDA:0,(anonymous_41)
FNDA:0,(anonymous_42)
FNDA:0,(anonymous_43)
FNDA:0,(anonymous_44)
FNDA:0,uint8ToBase64
FNDA:0,(anonymous_46)
FNDA:0,each
FNDA:0,clobber
FNDA:0,(anonymous_49)
FNDA:0,assignOrWrapInDeprecateGetter
FNDA:0,(anonymous_51)
FNDA:0,include
FNDA:0,(anonymous_53)
FNDA:0,recursiveMerge
FNDA:0,(anonymous_55)
FNDA:0,(anonymous_56)
FNDA:0,(anonymous_57)
FNDA:0,(anonymous_58)
FNDA:0,(anonymous_59)
FNDA:0,(anonymous_60)
FNDA:0,(anonymous_61)
FNDA:0,(anonymous_62)
FNDA:0,(anonymous_63)
FNDA:0,(anonymous_64)
FNDA:0,(anonymous_65)
FNDA:0,(anonymous_66)
FNDA:0,checkSubscriptionArgument
FNDA:0,(anonymous_68)
FNDA:0,(anonymous_69)
FNDA:0,(anonymous_70)
FNDA:0,(anonymous_71)
FNDA:0,(anonymous_72)
FNDA:0,(anonymous_73)
FNDA:0,androidExec
FNDA:0,(anonymous_75)
FNDA:0,pollOnceFromOnlineEvent
FNDA:0,pollOnce
FNDA:0,pollingTimerFunc
FNDA:0,hookOnlineApis
FNDA:0,proxyEvent
FNDA:0,(anonymous_81)
FNDA:0,(anonymous_82)
FNDA:0,buildPayload
FNDA:0,processMessage
FNDA:0,processMessages
FNDA:0,popMessageFromQueue
FNDA:0,(anonymous_87)
FNDA:0,(anonymous_88)
FNDA:0,(anonymous_89)
FNDA:0,(anonymous_90)
FNDA:0,(anonymous_91)
FNDA:0,logUnfiredChannels
FNDA:0,(anonymous_93)
FNDA:0,replaceNavigator
FNDA:0,(anonymous_95)
FNDA:0,(anonymous_96)
FNDA:0,(anonymous_97)
FNDA:0,(anonymous_98)
FNDA:0,(anonymous_99)
FNDA:0,(anonymous_100)
FNDA:0,(anonymous_101)
FNDA:0,(anonymous_102)
FNDA:0,(anonymous_103)
FNDA:0,(anonymous_104)
FNDA:0,(anonymous_105)
FNDA:0,logUnfiredChannels
FNDA:0,(anonymous_107)
FNDA:0,replaceNavigator
FNDA:0,(anonymous_109)
FNDA:0,(anonymous_110)
FNDA:0,(anonymous_111)
FNDA:0,(anonymous_112)
FNDA:0,(anonymous_113)
FNDA:0,(anonymous_114)
FNDA:0,(anonymous_115)
FNDA:0,(anonymous_116)
FNDA:0,(anonymous_117)
FNDA:0,(anonymous_118)
FNDA:0,(anonymous_119)
FNDA:0,(anonymous_120)
FNDA:0,addEntry
FNDA:0,(anonymous_122)
FNDA:0,(anonymous_123)
FNDA:0,(anonymous_124)
FNDA:0,(anonymous_125)
FNDA:0,prepareNamespace
FNDA:0,(anonymous_127)
FNDA:0,(anonymous_128)
FNDA:0,(anonymous_129)
FNDA:0,(anonymous_130)
FNDA:0,addEntry
FNDA:0,(anonymous_132)
FNDA:0,(anonymous_133)
FNDA:0,(anonymous_134)
FNDA:0,(anonymous_135)
FNDA:0,prepareNamespace
FNDA:0,(anonymous_137)
FNDA:0,(anonymous_138)
FNDA:0,(anonymous_139)
FNDA:0,(anonymous_140)
FNDA:0,(anonymous_141)
FNDA:0,bindButtonChannel
FNDA:0,(anonymous_143)
FNDA:0,(anonymous_144)
FNDA:0,(anonymous_145)
FNDA:0,onMessageFromNative
FNDA:0,(anonymous_147)
FNDA:0,(anonymous_148)
FNDA:0,(anonymous_149)
FNDA:0,(anonymous_150)
FNDA:0,(anonymous_151)
FNDA:0,(anonymous_152)
FNDA:0,(anonymous_153)
FNDA:0,(anonymous_154)
FNDA:0,(anonymous_155)
FNDA:0,(anonymous_156)
FNDA:0,(anonymous_157)
FNDA:0,injectIfNecessary
FNDA:0,(anonymous_159)
FNDA:0,onScriptLoadingComplete
FNDA:0,handlePluginsObject
FNDA:0,scriptLoadedCallback
FNDA:0,findCordovaPath
FNDA:0,(anonymous_164)
FNDA:0,(anonymous_165)
FNDA:0,(anonymous_166)
FNDA:0,handlePluginsObject
FNDA:0,(anonymous_168)
FNDA:0,(anonymous_169)
FNDA:0,makeAbsolute
FNDA:0,(anonymous_171)
FNDA:0,(anonymous_172)
FNDA:0,(anonymous_173)
FNDA:0,(anonymous_174)
FNDA:0,(anonymous_175)
FNDA:0,(anonymous_176)
FNDA:0,(anonymous_177)
FNDA:0,(anonymous_178)
FNDA:0,(anonymous_179)
FNDA:0,(anonymous_180)
FNDA:0,UUIDcreatePart
FNDA:0,(anonymous_182)
FNDA:0,(anonymous_183)
FNDA:0,(anonymous_184)
FNDA:0,(anonymous_185)
FNDA:0,(anonymous_186)
DA:21,0
DA:22,0
DA:31,0
DA:32,0
DA:34,0
DA:36,0
DA:37,0
DA:40,0
DA:41,0
DA:42,0
DA:44,0
DA:45,0
DA:47,0
DA:49,0
DA:50,0
DA:51,0
DA:52,0
DA:55,0
DA:56,0
DA:57,0
DA:58,0
DA:59,0
DA:60,0
DA:62,0
DA:63,0
DA:64,0
DA:65,0
DA:66,0
DA:68,0
DA:69,0
DA:72,0
DA:75,0
DA:76,0
DA:77,0
DA:80,0
DA:86,0
DA:87,0
DA:90,0
DA:94,0
DA:95,0
DA:96,0
DA:100,0
DA:104,0
DA:105,0
DA:108,0
DA:109,0
DA:115,0
DA:116,0
DA:117,0
DA:118,0
DA:123,0
DA:124,0
DA:126,0
DA:127,0
DA:128,0
DA:129,0
DA:131,0
DA:135,0
DA:136,0
DA:137,0
DA:138,0
DA:140,0
DA:144,0
DA:145,0
DA:147,0
DA:148,0
DA:150,0
DA:154,0
DA:155,0
DA:157,0
DA:158,0
DA:160,0
DA:165,0
DA:166,0
DA:167,0
DA:168,0
DA:169,0
DA:170,0
DA:174,0
DA:178,0
DA:191,0
DA:194,0
DA:197,0
DA:200,0
DA:203,0
DA:211,0
DA:219,0
DA:220,0
DA:221,0
DA:222,0
DA:224,0
DA:226,0
DA:227,0
DA:229,0
DA:233,0
DA:237,0
DA:238,0
DA:239,0
DA:240,0
DA:243,0
DA:271,0
DA:280,0
DA:287,0
DA:288,0
DA:289,0
DA:290,0
DA:291,0
DA:292,0
DA:293,0
DA:303,0
DA:304,0
DA:308,0
DA:309,0
DA:310,0
DA:311,0
DA:312,0
DA:316,0
DA:317,0
DA:318,0
DA:320,0
DA:326,0
DA:331,0
DA:337,0
DA:338,0
DA:340,0
DA:341,0
DA:343,0
DA:347,0
DA:354,0
DA:361,0
DA:363,0
DA:366,0
DA:369,0
DA:376,0
DA:378,0
DA:380,0
DA:382,0
DA:392,0
DA:396,0
DA:397,0
DA:399,0
DA:401,0
DA:402,0
DA:403,0
DA:404,0
DA:406,0
DA:407,0
DA:409,0
DA:410,0
DA:411,0
DA:413,0
DA:414,0
DA:415,0
DA:418,0
DA:419,0
DA:420,0
DA:422,0
DA:423,0
DA:425,0
DA:430,0
DA:433,0
DA:434,0
DA:435,0
DA:440,0
DA:442,0
DA:444,0
DA:445,0
DA:446,0
DA:449,0
DA:450,0
DA:451,0
DA:452,0
DA:453,0
DA:454,0
DA:456,0
DA:466,0
DA:469,0
DA:470,0
DA:471,0
DA:472,0
DA:473,0
DA:476,0
DA:477,0
DA:481,0
DA:482,0
DA:484,0
DA:485,0
DA:486,0
DA:487,0
DA:488,0
DA:490,0
DA:491,0
DA:492,0
DA:493,0
DA:494,0
DA:495,0
DA:496,0
DA:497,0
DA:498,0
DA:500,0
DA:506,0
DA:508,0
DA:511,0
DA:512,0
DA:513,0
DA:519,0
DA:520,0
DA:521,0
DA:522,0
DA:524,0
DA:527,0
DA:528,0
DA:529,0
DA:535,0
DA:536,0
DA:537,0
DA:538,0
DA:539,0
DA:540,0
DA:543,0
DA:548,0
DA:549,0
DA:550,0
DA:552,0
DA:554,0
DA:555,0
DA:556,0
DA:558,0
DA:559,0
DA:561,0
DA:564,0
DA:567,0
DA:568,0
DA:571,0
DA:575,0
DA:576,0
DA:579,0
DA:592,0
DA:593,0
DA:594,0
DA:596,0
DA:598,0
DA:599,0
DA:601,0
DA:608,0
DA:609,0
DA:611,0
DA:612,0
DA:614,0
DA:615,0
DA:617,0
DA:618,0
DA:619,0
DA:624,0
DA:626,0
DA:627,0
DA:667,0
DA:668,0
DA:670,0
DA:672,0
DA:674,0
DA:676,0
DA:679,0
DA:681,0
DA:687,0
DA:688,0
DA:689,0
DA:690,0
DA:692,0
DA:693,0
DA:694,0
DA:696,0
DA:698,0
DA:702,0
DA:705,0
DA:722,0
DA:723,0
DA:724,0
DA:725,0
DA:735,0
DA:736,0
DA:737,0
DA:743,0
DA:744,0
DA:758,0
DA:759,0
DA:762,0
DA:764,0
DA:765,0
DA:768,0
DA:771,0
DA:772,0
DA:773,0
DA:776,0
DA:777,0
DA:778,0
DA:781,0
DA:783,0
DA:785,0
DA:786,0
DA:789,0
DA:790,0
DA:791,0
DA:792,0
DA:793,0
DA:801,0
DA:802,0
DA:805,0
DA:807,0
DA:810,0
DA:813,0
DA:814,0
DA:815,0
DA:816,0
DA:817,0
DA:818,0
DA:819,0
DA:827,0
DA:828,0
DA:829,0
DA:831,0
DA:832,0
DA:833,0
DA:835,0
DA:838,0
DA:839,0
DA:840,0
DA:842,0
DA:843,0
DA:845,0
DA:846,0
DA:847,0
DA:848,0
DA:855,0
DA:858,0
DA:862,0
DA:866,0
DA:869,0
DA:872,0
DA:875,0
DA:878,0
DA:879,0
DA:881,0
DA:886,0
DA:902,0
DA:903,0
DA:904,0
DA:905,0
DA:906,0
DA:907,0
DA:911,0
DA:924,0
DA:925,0
DA:926,0
DA:928,0
DA:929,0
DA:930,0
DA:931,0
DA:934,0
DA:939,0
DA:943,0
DA:944,0
DA:948,0
DA:951,0
DA:952,0
DA:953,0
DA:957,0
DA:958,0
DA:959,0
DA:960,0
DA:963,0
DA:966,0
DA:967,0
DA:968,0
DA:969,0
DA:970,0
DA:971,0
DA:973,0
DA:977,0
DA:983,0
DA:984,0
DA:985,0
DA:986,0
DA:989,0
DA:990,0
DA:994,0
DA:998,0
DA:1001,0
DA:1003,0
DA:1004,0
DA:1005,0
DA:1007,0
DA:1012,0
DA:1013,0
DA:1014,0
DA:1020,0
DA:1026,0
DA:1027,0
DA:1028,0
DA:1029,0
DA:1030,0
DA:1031,0
DA:1034,0
DA:1036,0
DA:1037,0
DA:1039,0
DA:1040,0
DA:1041,0
DA:1043,0
DA:1044,0
DA:1047,0
DA:1048,0
DA:1049,0
DA:1051,0
DA:1052,0
DA:1055,0
DA:1058,0
DA:1059,0
DA:1062,0
DA:1063,0
DA:1064,0
DA:1069,0
DA:1070,0
DA:1071,0
DA:1072,0
DA:1073,0
DA:1074,0
DA:1075,0
DA:1076,0
DA:1077,0
DA:1078,0
DA:1079,0
DA:1080,0
DA:1081,0
DA:1082,0
DA:1083,0
DA:1084,0
DA:1085,0
DA:1086,0
DA:1087,0
DA:1088,0
DA:1089,0
DA:1090,0
DA:1091,0
DA:1092,0
DA:1095,0
DA:1101,0
DA:1102,0
DA:1104,0
DA:1105,0
DA:1106,0
DA:1107,0
DA:1108,0
DA:1109,0
DA:1110,0
DA:1111,0
DA:1112,0
DA:1113,0
DA:1114,0
DA:1115,0
DA:1117,0
DA:1123,0
DA:1124,0
DA:1126,0
DA:1127,0
DA:1129,0
DA:1130,0
DA:1131,0
DA:1134,0
DA:1135,0
DA:1136,0
DA:1138,0
DA:1140,0
DA:1141,0
DA:1142,0
DA:1148,0
DA:1149,0
DA:1150,0
DA:1153,0
DA:1154,0
DA:1155,0
DA:1156,0
DA:1157,0
DA:1158,0
DA:1160,0
DA:1163,0
DA:1168,0
DA:1171,0
DA:1173,0
DA:1177,0
DA:1178,0
DA:1179,0
DA:1184,0
DA:1185,0
DA:1186,0
DA:1187,0
DA:1191,0
DA:1198,0
DA:1200,0
DA:1201,0
DA:1202,0
DA:1203,0
DA:1204,0
DA:1205,0
DA:1207,0
DA:1210,0
DA:1211,0
DA:1212,0
DA:1217,0
DA:1218,0
DA:1219,0
DA:1220,0
DA:1221,0
DA:1228,0
DA:1229,0
DA:1230,0
DA:1233,0
DA:1234,0
DA:1235,0
DA:1236,0
DA:1238,0
DA:1239,0
DA:1240,0
DA:1246,0
DA:1249,0
DA:1250,0
DA:1253,0
DA:1254,0
DA:1258,0
DA:1259,0
DA:1260,0
DA:1265,0
DA:1266,0
DA:1267,0
DA:1268,0
DA:1271,0
DA:1272,0
DA:1274,0
DA:1275,0
DA:1282,0
DA:1283,0
DA:1286,0
DA:1287,0
DA:1288,0
DA:1291,0
DA:1295,0
DA:1296,0
DA:1297,0
DA:1304,0
DA:1305,0
DA:1307,0
DA:1310,0
DA:1315,0
DA:1316,0
DA:1324,0
DA:1326,0
DA:1327,0
DA:1328,0
DA:1329,0
DA:1330,0
DA:1331,0
DA:1333,0
DA:1336,0
DA:1339,0
DA:1340,0
DA:1341,0
DA:1346,0
DA:1347,0
DA:1348,0
DA:1349,0
DA:1350,0
DA:1357,0
DA:1358,0
DA:1359,0
DA:1362,0
DA:1363,0
DA:1364,0
DA:1365,0
DA:1367,0
DA:1368,0
DA:1369,0
DA:1375,0
DA:1377,0
DA:1378,0
DA:1381,0
DA:1382,0
DA:1386,0
DA:1387,0
DA:1388,0
DA:1393,0
DA:1394,0
DA:1395,0
DA:1396,0
DA:1399,0
DA:1400,0
DA:1402,0
DA:1403,0
DA:1410,0
DA:1411,0
DA:1415,0
DA:1419,0
DA:1420,0
DA:1421,0
DA:1428,0
DA:1429,0
DA:1431,0
DA:1434,0
DA:1439,0
DA:1440,0
DA:1448,0
DA:1450,0
DA:1451,0
DA:1455,0
DA:1456,0
DA:1457,0
DA:1461,0
DA:1462,0
DA:1464,0
DA:1465,0
DA:1466,0
DA:1471,0
DA:1472,0
DA:1475,0
DA:1476,0
DA:1479,0
DA:1480,0
DA:1483,0
DA:1484,0
DA:1488,0
DA:1489,0
DA:1491,0
DA:1492,0
DA:1493,0
DA:1494,0
DA:1496,0
DA:1499,0
DA:1500,0
DA:1501,0
DA:1502,0
DA:1503,0
DA:1504,0
DA:1505,0
DA:1507,0
DA:1508,0
DA:1510,0
DA:1511,0
DA:1512,0
DA:1513,0
DA:1515,0
DA:1516,0
DA:1517,0
DA:1519,0
DA:1520,0
DA:1521,0
DA:1522,0
DA:1523,0
DA:1525,0
DA:1530,0
DA:1531,0
DA:1532,0
DA:1533,0
DA:1535,0
DA:1536,0
DA:1537,0
DA:1538,0
DA:1540,0
DA:1543,0
DA:1548,0
DA:1550,0
DA:1551,0
DA:1554,0
DA:1555,0
DA:1556,0
DA:1560,0
DA:1561,0
DA:1562,0
DA:1567,0
DA:1568,0
DA:1571,0
DA:1572,0
DA:1575,0
DA:1576,0
DA:1579,0
DA:1580,0
DA:1584,0
DA:1585,0
DA:1587,0
DA:1588,0
DA:1589,0
DA:1590,0
DA:1592,0
DA:1595,0
DA:1596,0
DA:1597,0
DA:1598,0
DA:1599,0
DA:1600,0
DA:1601,0
DA:1603,0
DA:1604,0
DA:1606,0
DA:1607,0
DA:1608,0
DA:1609,0
DA:1611,0
DA:1612,0
DA:1613,0
DA:1615,0
DA:1616,0
DA:1617,0
DA:1618,0
DA:1619,0
DA:1621,0
DA:1626,0
DA:1627,0
DA:1628,0
DA:1629,0
DA:1631,0
DA:1632,0
DA:1633,0
DA:1634,0
DA:1636,0
DA:1639,0
DA:1644,0
DA:1647,0
DA:1649,0
DA:1652,0
DA:1653,0
DA:1654,0
DA:1655,0
DA:1658,0
DA:1661,0
DA:1663,0
DA:1666,0
DA:1667,0
DA:1670,0
DA:1674,0
DA:1675,0
DA:1679,0
DA:1680,0
DA:1681,0
DA:1685,0
DA:1686,0
DA:1691,0
DA:1693,0
DA:1694,0
DA:1696,0
DA:1697,0
DA:1703,0
DA:1704,0
DA:1705,0
DA:1711,0
DA:1712,0
DA:1714,0
DA:1725,0
DA:1726,0
DA:1728,0
DA:1729,0
DA:1730,0
DA:1733,0
DA:1734,0
DA:1735,0
DA:1737,0
DA:1742,0
DA:1744,0
DA:1745,0
DA:1747,0
DA:1754,0
DA:1756,0
DA:1757,0
DA:1759,0
DA:1764,0
DA:1782,0
DA:1789,0
DA:1797,0
DA:1805,0
DA:1818,0
DA:1833,0
DA:1840,0
DA:1847,0
DA:1849,0
DA:1853,0
DA:1854,0
DA:1856,0
DA:1858,0
DA:1859,0
DA:1860,0
DA:1864,0
DA:1865,0
DA:1866,0
DA:1868,0
DA:1869,0
DA:1870,0
DA:1872,0
DA:1880,0
DA:1881,0
DA:1882,0
DA:1883,0
DA:1887,0
DA:1888,0
DA:1889,0
DA:1894,0
DA:1895,0
DA:1899,0
DA:1908,0
DA:1910,0
DA:1911,0
DA:1912,0
DA:1915,0
DA:1916,0
DA:1920,0
DA:1921,0
DA:1926,0
DA:1927,0
DA:1928,0
DA:1929,0
DA:1930,0
DA:1931,0
DA:1932,0
DA:1933,0
DA:1936,0
DA:1942,0
DA:1943,0
DA:1944,0
DA:1945,0
DA:1946,0
DA:1948,0
DA:1949,0
DA:1950,0
DA:1957,0
DA:1959,0
DA:1965,0
DA:1966,0
DA:1970,0
DA:1971,0
DA:1972,0
DA:1973,0
DA:1977,0
DA:1978,0
DA:1979,0
DA:1984,0
DA:1985,0
DA:1994,0
DA:1995,0
DA:1996,0
DA:1998,0
DA:2004,0
DA:2010,0
DA:2011,0
DA:2012,0
DA:2013,0
DA:2019,0
DA:2021,0
DA:2026,0
DA:2027,0
DA:2028,0
DA:2032,0
DA:2033,0
DA:2035,0
DA:2037,0
DA:2038,0
DA:2039,0
DA:2047,0
DA:2049,0
DA:2050,0
DA:2051,0
DA:2053,0
DA:2054,0
DA:2055,0
DA:2056,0
DA:2059,0
DA:2065,0
DA:2066,0
DA:2067,0
DA:2068,0
DA:2070,0
DA:2073,0
DA:2074,0
DA:2080,0
DA:2081,0
DA:2086,0
DA:2087,0
DA:2093,0
DA:2094,0
DA:2095,0
DA:2100,0
DA:2101,0
DA:2102,0
DA:2103,0
DA:2105,0
DA:2108,0
DA:2109,0
DA:2113,0
DA:2114,0
DA:2117,0
DA:2123,0
DA:2124,0
DA:2125,0
DA:2126,0
DA:2132,0
DA:2133,0
DA:2134,0
DA:2135,0
DA:2136,0
DA:2138,0
DA:2140,0
DA:2146,0
DA:2147,0
DA:2158,0
DA:2160,0
DA:2162,0
DA:2164,0
DA:2165,0
DA:2166,0
DA:2167,0
DA:2174,0
DA:2175,0
DA:2176,0
DA:2177,0
DA:2178,0
DA:2184,0
DA:2187,0
LF:922
LH:0
BRDA:44,0,0,0
BRDA:44,0,1,0
BRDA:56,1,0,0
BRDA:56,1,1,0
BRDA:58,2,0,0
BRDA:58,2,1,0
BRDA:62,3,0,0
BRDA:62,3,1,0
BRDA:76,4,0,0
BRDA:76,4,1,0
BRDA:94,5,0,0
BRDA:94,5,1,0
BRDA:94,6,0,0
BRDA:94,6,1,0
BRDA:104,7,0,0
BRDA:104,7,1,0
BRDA:104,8,0,0
BRDA:104,8,1,0
BRDA:128,9,0,0
BRDA:128,9,1,0
BRDA:137,10,0,0
BRDA:137,10,1,0
BRDA:147,11,0,0
BRDA:147,11,1,0
BRDA:157,12,0,0
BRDA:157,12,1,0
BRDA:167,13,0,0
BRDA:167,13,1,0
BRDA:169,14,0,0
BRDA:169,14,1,0
BRDA:220,15,0,0
BRDA:220,15,1,0
BRDA:221,16,0,0
BRDA:221,16,1,0
BRDA:226,17,0,0
BRDA:226,17,1,0
BRDA:238,18,0,0
BRDA:238,18,1,0
BRDA:289,19,0,0
BRDA:289,19,1,0
BRDA:290,20,0,0
BRDA:290,20,1,0
BRDA:290,21,0,0
BRDA:290,21,1,0
BRDA:291,22,0,0
BRDA:291,22,1,0
BRDA:292,23,0,0
BRDA:292,23,1,0
BRDA:293,24,0,0
BRDA:293,24,1,0
BRDA:303,25,0,0
BRDA:303,25,1,0
BRDA:308,26,0,0
BRDA:308,26,1,0
BRDA:309,27,0,0
BRDA:309,27,1,0
BRDA:309,27,2,0
BRDA:310,28,0,0
BRDA:310,28,1,0
BRDA:310,28,2,0
BRDA:310,28,3,0
BRDA:337,29,0,0
BRDA:337,29,1,0
BRDA:343,30,0,0
BRDA:343,30,1,0
BRDA:396,31,0,0
BRDA:396,31,1,0
BRDA:406,32,0,0
BRDA:406,32,1,0
BRDA:410,33,0,0
BRDA:410,33,1,0
BRDA:410,34,0,0
BRDA:410,34,1,0
BRDA:410,34,2,0
BRDA:413,35,0,0
BRDA:413,35,1,0
BRDA:418,36,0,0
BRDA:418,36,1,0
BRDA:420,37,0,0
BRDA:420,37,1,0
BRDA:422,38,0,0
BRDA:422,38,1,0
BRDA:430,39,0,0
BRDA:430,39,1,0
BRDA:450,40,0,0
BRDA:450,40,1,0
BRDA:490,41,0,0
BRDA:490,41,1,0
BRDA:495,42,0,0
BRDA:495,42,1,0
BRDA:512,43,0,0
BRDA:512,43,1,0
BRDA:527,44,0,0
BRDA:527,44,1,0
BRDA:527,45,0,0
BRDA:527,45,1,0
BRDA:535,46,0,0
BRDA:535,46,1,0
BRDA:550,47,0,0
BRDA:550,47,1,0
BRDA:552,48,0,0
BRDA:552,48,1,0
BRDA:554,49,0,0
BRDA:554,49,1,0
BRDA:556,50,0,0
BRDA:556,50,1,0
BRDA:558,51,0,0
BRDA:558,51,1,0
BRDA:567,52,0,0
BRDA:567,52,1,0
BRDA:575,53,0,0
BRDA:575,53,1,0
BRDA:593,54,0,0
BRDA:593,54,1,0
BRDA:594,55,0,0
BRDA:594,55,1,0
BRDA:594,56,0,0
BRDA:594,56,1,0
BRDA:598,57,0,0
BRDA:598,57,1,0
BRDA:598,58,0,0
BRDA:598,58,1,0
BRDA:672,59,0,0
BRDA:672,59,1,0
BRDA:690,60,0,0
BRDA:690,60,1,0
BRDA:693,61,0,0
BRDA:693,61,1,0
BRDA:698,62,0,0
BRDA:698,62,1,0
BRDA:722,63,0,0
BRDA:722,63,1,0
BRDA:723,64,0,0
BRDA:723,64,1,0
BRDA:736,65,0,0
BRDA:736,65,1,0
BRDA:743,66,0,0
BRDA:743,66,1,0
BRDA:743,67,0,0
BRDA:743,67,1,0
BRDA:762,68,0,0
BRDA:762,68,1,0
BRDA:762,69,0,0
BRDA:762,69,1,0
BRDA:771,70,0,0
BRDA:771,70,1,0
BRDA:772,71,0,0
BRDA:772,71,1,0
BRDA:777,72,0,0
BRDA:777,72,1,0
BRDA:781,73,0,0
BRDA:781,73,1,0
BRDA:789,74,0,0
BRDA:789,74,1,0
BRDA:792,75,0,0
BRDA:792,75,1,0
BRDA:793,76,0,0
BRDA:793,76,1,0
BRDA:805,77,0,0
BRDA:805,77,1,0
BRDA:805,78,0,0
BRDA:805,78,1,0
BRDA:815,79,0,0
BRDA:815,79,1,0
BRDA:818,80,0,0
BRDA:818,80,1,0
BRDA:819,81,0,0
BRDA:819,81,1,0
BRDA:831,82,0,0
BRDA:831,82,1,0
BRDA:835,83,0,0
BRDA:835,83,1,0
BRDA:845,84,0,0
BRDA:845,84,1,0
BRDA:845,85,0,0
BRDA:845,85,1,0
BRDA:848,86,0,0
BRDA:848,86,1,0
BRDA:930,87,0,0
BRDA:930,87,1,0
BRDA:931,88,0,0
BRDA:931,88,1,0
BRDA:934,89,0,0
BRDA:934,89,1,0
BRDA:943,90,0,0
BRDA:943,90,1,0
BRDA:948,91,0,0
BRDA:948,91,1,0
BRDA:952,92,0,0
BRDA:952,92,1,0
BRDA:959,93,0,0
BRDA:959,93,1,0
BRDA:959,94,0,0
BRDA:959,94,1,0
BRDA:966,95,0,0
BRDA:966,95,1,0
BRDA:966,96,0,0
BRDA:966,96,1,0
BRDA:970,97,0,0
BRDA:970,97,1,0
BRDA:984,98,0,0
BRDA:984,98,1,0
BRDA:985,99,0,0
BRDA:985,99,1,0
BRDA:985,100,0,0
BRDA:985,100,1,0
BRDA:998,101,0,0
BRDA:998,101,1,0
BRDA:1004,102,0,0
BRDA:1004,102,1,0
BRDA:1012,103,0,0
BRDA:1012,103,1,0
BRDA:1040,104,0,0
BRDA:1040,104,1,0
BRDA:1040,105,0,0
BRDA:1040,105,1,0
BRDA:1048,106,0,0
BRDA:1048,106,1,0
BRDA:1051,107,0,0
BRDA:1051,107,1,0
BRDA:1058,108,0,0
BRDA:1058,108,1,0
BRDA:1062,109,0,0
BRDA:1062,109,1,0
BRDA:1070,110,0,0
BRDA:1070,110,1,0
BRDA:1072,111,0,0
BRDA:1072,111,1,0
BRDA:1074,112,0,0
BRDA:1074,112,1,0
BRDA:1076,113,0,0
BRDA:1076,113,1,0
BRDA:1078,114,0,0
BRDA:1078,114,1,0
BRDA:1080,115,0,0
BRDA:1080,115,1,0
BRDA:1083,116,0,0
BRDA:1083,116,1,0
BRDA:1085,117,0,0
BRDA:1085,117,1,0
BRDA:1102,118,0,0
BRDA:1102,118,1,0
BRDA:1105,119,0,0
BRDA:1105,119,1,0
BRDA:1105,120,0,0
BRDA:1105,120,1,0
BRDA:1123,121,0,0
BRDA:1123,121,1,0
BRDA:1126,122,0,0
BRDA:1126,122,1,0
BRDA:1134,123,0,0
BRDA:1134,123,1,0
BRDA:1134,124,0,0
BRDA:1134,124,1,0
BRDA:1141,125,0,0
BRDA:1141,125,1,0
BRDA:1149,126,0,0
BRDA:1149,126,1,0
BRDA:1157,127,0,0
BRDA:1157,127,1,0
BRDA:1191,128,0,0
BRDA:1191,128,1,0
BRDA:1211,129,0,0
BRDA:1211,129,1,0
BRDA:1218,130,0,0
BRDA:1218,130,1,0
BRDA:1233,131,0,0
BRDA:1233,131,1,0
BRDA:1235,132,0,0
BRDA:1235,132,1,0
BRDA:1249,133,0,0
BRDA:1249,133,1,0
BRDA:1253,134,0,0
BRDA:1253,134,1,0
BRDA:1258,135,0,0
BRDA:1258,135,1,0
BRDA:1271,136,0,0
BRDA:1271,136,1,0
BRDA:1271,137,0,0
BRDA:1271,137,1,0
BRDA:1282,138,0,0
BRDA:1282,138,1,0
BRDA:1291,139,0,0
BRDA:1291,139,1,0
BRDA:1307,140,0,0
BRDA:1307,140,1,0
BRDA:1340,141,0,0
BRDA:1340,141,1,0
BRDA:1347,142,0,0
BRDA:1347,142,1,0
BRDA:1362,143,0,0
BRDA:1362,143,1,0
BRDA:1364,144,0,0
BRDA:1364,144,1,0
BRDA:1377,145,0,0
BRDA:1377,145,1,0
BRDA:1381,146,0,0
BRDA:1381,146,1,0
BRDA:1386,147,0,0
BRDA:1386,147,1,0
BRDA:1399,148,0,0
BRDA:1399,148,1,0
BRDA:1399,149,0,0
BRDA:1399,149,1,0
BRDA:1410,150,0,0
BRDA:1410,150,1,0
BRDA:1415,151,0,0
BRDA:1415,151,1,0
BRDA:1431,152,0,0
BRDA:1431,152,1,0
BRDA:1461,153,0,0
BRDA:1461,153,1,0
BRDA:1465,154,0,0
BRDA:1465,154,1,0
BRDA:1488,155,0,0
BRDA:1488,155,1,0
BRDA:1494,156,0,0
BRDA:1494,156,1,0
BRDA:1507,157,0,0
BRDA:1507,157,1,0
BRDA:1515,158,0,0
BRDA:1515,158,1,0
BRDA:1519,159,0,0
BRDA:1519,159,1,0
BRDA:1519,160,0,0
BRDA:1519,160,1,0
BRDA:1521,161,0,0
BRDA:1521,161,1,0
BRDA:1521,162,0,0
BRDA:1521,162,1,0
BRDA:1521,162,2,0
BRDA:1522,163,0,0
BRDA:1522,163,1,0
BRDA:1532,164,0,0
BRDA:1532,164,1,0
BRDA:1532,165,0,0
BRDA:1532,165,1,0
BRDA:1538,166,0,0
BRDA:1538,166,1,0
BRDA:1561,167,0,0
BRDA:1561,167,1,0
BRDA:1584,168,0,0
BRDA:1584,168,1,0
BRDA:1590,169,0,0
BRDA:1590,169,1,0
BRDA:1603,170,0,0
BRDA:1603,170,1,0
BRDA:1611,171,0,0
BRDA:1611,171,1,0
BRDA:1615,172,0,0
BRDA:1615,172,1,0
BRDA:1615,173,0,0
BRDA:1615,173,1,0
BRDA:1617,174,0,0
BRDA:1617,174,1,0
BRDA:1617,175,0,0
BRDA:1617,175,1,0
BRDA:1617,175,2,0
BRDA:1618,176,0,0
BRDA:1618,176,1,0
BRDA:1628,177,0,0
BRDA:1628,177,1,0
BRDA:1628,178,0,0
BRDA:1628,178,1,0
BRDA:1634,179,0,0
BRDA:1634,179,1,0
BRDA:1663,180,0,0
BRDA:1663,180,1,0
BRDA:1696,181,0,0
BRDA:1696,181,1,0
BRDA:1696,182,0,0
BRDA:1696,182,1,0
BRDA:1714,183,0,0
BRDA:1714,183,1,0
BRDA:1714,183,2,0
BRDA:1714,183,3,0
BRDA:1714,183,4,0
BRDA:1714,183,5,0
BRDA:1714,183,6,0
BRDA:1714,183,7,0
BRDA:1728,184,0,0
BRDA:1728,184,1,0
BRDA:1728,185,0,0
BRDA:1728,185,1,0
BRDA:1729,186,0,0
BRDA:1729,186,1,0
BRDA:1757,187,0,0
BRDA:1757,187,1,0
BRDA:1864,188,0,0
BRDA:1864,188,1,0
BRDA:1865,189,0,0
BRDA:1865,189,1,0
BRDA:1869,190,0,0
BRDA:1869,190,1,0
BRDA:1881,191,0,0
BRDA:1881,191,1,0
BRDA:1881,192,0,0
BRDA:1881,192,1,0
BRDA:1887,193,0,0
BRDA:1887,193,1,0
BRDA:1887,194,0,0
BRDA:1887,194,1,0
BRDA:1894,195,0,0
BRDA:1894,195,1,0
BRDA:1910,196,0,0
BRDA:1910,196,1,0
BRDA:1915,197,0,0
BRDA:1915,197,1,0
BRDA:1931,198,0,0
BRDA:1931,198,1,0
BRDA:1944,199,0,0
BRDA:1944,199,1,0
BRDA:1965,200,0,0
BRDA:1965,200,1,0
BRDA:1965,201,0,0
BRDA:1965,201,1,0
BRDA:1971,202,0,0
BRDA:1971,202,1,0
BRDA:1971,203,0,0
BRDA:1971,203,1,0
BRDA:1977,204,0,0
BRDA:1977,204,1,0
BRDA:1977,205,0,0
BRDA:1977,205,1,0
BRDA:1984,206,0,0
BRDA:1984,206,1,0
BRDA:2027,207,0,0
BRDA:2027,207,1,0
BRDA:2032,208,0,0
BRDA:2032,208,1,0
BRDA:2038,209,0,0
BRDA:2038,209,1,0
BRDA:2050,210,0,0
BRDA:2050,210,1,0
BRDA:2055,211,0,0
BRDA:2055,211,1,0
BRDA:2067,212,0,0
BRDA:2067,212,1,0
BRDA:2080,213,0,0
BRDA:2080,213,1,0
BRDA:2094,214,0,0
BRDA:2094,214,1,0
BRDA:2094,215,0,0
BRDA:2094,215,1,0
BRDA:2094,215,2,0
BRDA:2094,215,3,0
BRDA:2100,216,0,0
BRDA:2100,216,1,0
BRDA:2113,217,0,0
BRDA:2113,217,1,0
BRDA:2113,218,0,0
BRDA:2113,218,1,0
BRDA:2113,218,2,0
BRDA:2113,218,3,0
BRDA:2125,219,0,0
BRDA:2125,219,1,0
BRDA:2135,220,0,0
BRDA:2135,220,1,0
BRDA:2175,221,0,0
BRDA:2175,221,1,0
BRDA:2177,222,0,0
BRDA:2177,222,1,0
BRDA:2177,223,0,0
BRDA:2177,223,1,0
BRF:464
BRH:0
end_of_record
TN:
SF:c:\MyProg\cordova-react-example-master\platforms\android\app\build\intermediates\assets\debug\www\cordova_plugins.js
FN:1,(anonymous_0)
FNF:1
FNH:0
FNDA:0,(anonymous_0)
DA:1,0
DA:2,0
DA:3,0
LF:3
LH:0
BRF:0
BRH:0
end_of_record
TN:
SF:c:\MyProg\cordova-react-example-master\platforms\android\app\build\intermediates\assets\debug\www\cordova-js-src\exec.js
FN:65,(anonymous_0)
FN:65,(anonymous_1)
FN:67,androidExec
FN:111,(anonymous_3)
FN:116,pollOnceFromOnlineEvent
FN:120,pollOnce
FN:134,pollingTimerFunc
FN:141,hookOnlineApis
FN:142,proxyEvent
FN:162,(anonymous_9)
FN:170,(anonymous_10)
FN:191,buildPayload
FN:223,processMessage
FN:244,processMessages
FN:270,popMessageFromQueue
FNF:15
FNH:0
FNDA:0,(anonymous_0)
FNDA:0,(anonymous_1)
FNDA:0,androidExec
FNDA:0,(anonymous_3)
FNDA:0,pollOnceFromOnlineEvent
FNDA:0,pollOnce
FNDA:0,pollingTimerFunc
FNDA:0,hookOnlineApis
FNDA:0,proxyEvent
FNDA:0,(anonymous_9)
FNDA:0,(anonymous_10)
FNDA:0,buildPayload
FNDA:0,processMessage
FNDA:0,processMessages
FNDA:0,popMessageFromQueue
DA:36,0
DA:37,0
DA:38,0
DA:39,0
DA:40,0
DA:41,0
DA:45,0
DA:58,0
DA:59,0
DA:60,0
DA:62,0
DA:63,0
DA:64,0
DA:65,0
DA:68,0
DA:73,0
DA:77,0
DA:78,0
DA:82,0
DA:85,0
DA:86,0
DA:87,0
DA:91,0
DA:92,0
DA:93,0
DA:94,0
DA:97,0
DA:100,0
DA:101,0
DA:102,0
DA:103,0
DA:104,0
DA:105,0
DA:107,0
DA:111,0
DA:112,0
DA:113,0
DA:117,0
DA:121,0
DA:124,0
DA:126,0
DA:127,0
DA:128,0
DA:130,0
DA:135,0
DA:136,0
DA:137,0
DA:143,0
DA:149,0
DA:150,0
DA:151,0
DA:152,0
DA:153,0
DA:154,0
DA:157,0
DA:159,0
DA:160,0
DA:162,0
DA:163,0
DA:164,0
DA:166,0
DA:167,0
DA:170,0
DA:171,0
DA:172,0
DA:174,0
DA:175,0
DA:178,0
DA:181,0
DA:182,0
DA:185,0
DA:186,0
DA:187,0
DA:192,0
DA:193,0
DA:194,0
DA:195,0
DA:196,0
DA:197,0
DA:198,0
DA:199,0
DA:200,0
DA:201,0
DA:202,0
DA:203,0
DA:204,0
DA:205,0
DA:206,0
DA:207,0
DA:208,0
DA:209,0
DA:210,0
DA:211,0
DA:212,0
DA:213,0
DA:214,0
DA:215,0
DA:218,0
DA:224,0
DA:225,0
DA:227,0
DA:228,0
DA:229,0
DA:230,0
DA:231,0
DA:232,0
DA:233,0
DA:234,0
DA:235,0
DA:236,0
DA:237,0
DA:238,0
DA:240,0
DA:246,0
DA:247,0
DA:249,0
DA:250,0
DA:252,0
DA:253,0
DA:254,0
DA:257,0
DA:258,0
DA:259,0
DA:261,0
DA:263,0
DA:264,0
DA:265,0
DA:271,0
DA:272,0
DA:273,0
DA:276,0
DA:277,0
DA:278,0
DA:279,0
DA:280,0
DA:281,0
DA:283,0
DA:286,0
LF:138
LH:0
BRDA:64,0,0,0
BRDA:64,0,1,0
BRDA:65,1,0,0
BRDA:65,1,1,0
BRDA:68,2,0,0
BRDA:68,2,1,0
BRDA:77,3,0,0
BRDA:77,3,1,0
BRDA:82,4,0,0
BRDA:82,4,1,0
BRDA:86,5,0,0
BRDA:86,5,1,0
BRDA:93,6,0,0
BRDA:93,6,1,0
BRDA:93,7,0,0
BRDA:93,7,1,0
BRDA:100,8,0,0
BRDA:100,8,1,0
BRDA:100,9,0,0
BRDA:100,9,1,0
BRDA:104,10,0,0
BRDA:104,10,1,0
BRDA:121,11,0,0
BRDA:121,11,1,0
BRDA:127,12,0,0
BRDA:127,12,1,0
BRDA:135,13,0,0
BRDA:135,13,1,0
BRDA:163,14,0,0
BRDA:163,14,1,0
BRDA:163,15,0,0
BRDA:163,15,1,0
BRDA:171,16,0,0
BRDA:171,16,1,0
BRDA:174,17,0,0
BRDA:174,17,1,0
BRDA:181,18,0,0
BRDA:181,18,1,0
BRDA:185,19,0,0
BRDA:185,19,1,0
BRDA:193,20,0,0
BRDA:193,20,1,0
BRDA:195,21,0,0
BRDA:195,21,1,0
BRDA:197,22,0,0
BRDA:197,22,1,0
BRDA:199,23,0,0
BRDA:199,23,1,0
BRDA:201,24,0,0
BRDA:201,24,1,0
BRDA:203,25,0,0
BRDA:203,25,1,0
BRDA:206,26,0,0
BRDA:206,26,1,0
BRDA:208,27,0,0
BRDA:208,27,1,0
BRDA:225,28,0,0
BRDA:225,28,1,0
BRDA:228,29,0,0
BRDA:228,29,1,0
BRDA:228,30,0,0
BRDA:228,30,1,0
BRDA:246,31,0,0
BRDA:246,31,1,0
BRDA:249,32,0,0
BRDA:249,32,1,0
BRDA:257,33,0,0
BRDA:257,33,1,0
BRDA:257,34,0,0
BRDA:257,34,1,0
BRDA:264,35,0,0
BRDA:264,35,1,0
BRDA:272,36,0,0
BRDA:272,36,1,0
BRDA:280,37,0,0
BRDA:280,37,1,0
BRF:76
BRH:0
end_of_record
TN:
SF:c:\MyProg\cordova-react-example-master\platforms\android\app\build\intermediates\assets\debug\www\cordova-js-src\platform.js
FN:27,(anonymous_0)
FN:43,(anonymous_1)
FN:53,bindButtonChannel
FN:56,(anonymous_3)
FN:69,(anonymous_4)
FN:79,(anonymous_5)
FN:86,onMessageFromNative
FNF:7
FNH:0
FNDA:0,(anonymous_0)
FNDA:0,(anonymous_1)
FNDA:0,bindButtonChannel
FNDA:0,(anonymous_3)
FNDA:0,(anonymous_4)
FNDA:0,(anonymous_5)
FNDA:0,onMessageFromNative
DA:23,0
DA:25,0
DA:28,0
DA:29,0
DA:30,0
DA:31,0
DA:34,0
DA:37,0
DA:39,0
DA:42,0
DA:43,0
DA:46,0
DA:50,0
DA:51,0
DA:55,0
DA:56,0
DA:57,0
DA:61,0
DA:62,0
DA:67,0
DA:69,0
DA:70,0
DA:72,0
DA:73,0
DA:79,0
DA:80,0
DA:81,0
DA:87,0
DA:88,0
DA:90,0
DA:101,0
DA:102,0
DA:104,0
DA:105,0
DA:106,0
DA:109,0
DA:110,0
DA:111,0
DA:113,0
DA:118,0
DA:120,0
DA:121,0
DA:123,0
LF:43
LH:0
BRDA:39,0,0,0
BRDA:39,0,1,0
BRDA:72,1,0,0
BRDA:72,1,1,0
BRDA:72,2,0,0
BRDA:72,2,1,0
BRDA:90,3,0,0
BRDA:90,3,1,0
BRDA:90,3,2,0
BRDA:90,3,3,0
BRDA:90,3,4,0
BRDA:90,3,5,0
BRDA:90,3,6,0
BRDA:90,3,7,0
BRDA:104,4,0,0
BRDA:104,4,1,0
BRDA:104,5,0,0
BRDA:104,5,1,0
BRDA:105,6,0,0
BRDA:105,6,1,0
BRF:20
BRH:0
end_of_record
TN:
SF:c:\MyProg\cordova-react-example-master\platforms\android\app\build\intermediates\assets\debug\www\cordova-js-src\android\nativeapiprovider.js
FN:28,(anonymous_0)
FN:29,(anonymous_1)
FN:33,(anonymous_2)
FNF:3
FNH:0
FNDA:0,(anonymous_0)
FNDA:0,(anonymous_1)
FNDA:0,(anonymous_2)
DA:24,0
DA:25,0
DA:27,0
DA:28,0
DA:30,0
DA:34,0
LF:6
LH:0
BRDA:24,0,0,0
BRDA:24,0,1,0
BRDA:30,1,0,0
BRDA:30,1,1,0
BRF:4
BRH:0
end_of_record
TN:
SF:c:\MyProg\cordova-react-example-master\platforms\android\app\build\intermediates\assets\debug\www\cordova-js-src\android\promptbasednativeapi.js
FN:26,(anonymous_0)
FN:29,(anonymous_1)
FN:32,(anonymous_2)
FNF:3
FNH:0
FNDA:0,(anonymous_0)
FNDA:0,(anonymous_1)
FNDA:0,(anonymous_2)
DA:25,0
DA:27,0
DA:30,0
DA:33,0
LF:4
LH:0
BRF:0
BRH:0
end_of_record
TN:
SF:c:\MyProg\cordova-react-example-master\platforms\android\app\build\intermediates\assets\debug\www\cordova-js-src\plugin\android\app.js
FN:29,(anonymous_0)
FN:47,(anonymous_1)
FN:54,(anonymous_2)
FN:62,(anonymous_3)
FN:70,(anonymous_4)
FN:83,(anonymous_5)
FN:98,(anonymous_6)
FN:105,(anonymous_7)
FNF:8
FNH:0
FNDA:0,(anonymous_0)
FNDA:0,(anonymous_1)
FNDA:0,(anonymous_2)
FNDA:0,(anonymous_3)
FNDA:0,(anonymous_4)
FNDA:0,(anonymous_5)
FNDA:0,(anonymous_6)
FNDA:0,(anonymous_7)
DA:22,0
DA:23,0
DA:25,0
DA:30,0
DA:48,0
DA:55,0
DA:63,0
DA:71,0
DA:84,0
DA:99,0
DA:106,0
LF:11
LH:0
BRDA:23,0,0,0
BRDA:23,0,1,0
BRF:2
BRH:0
end_of_record
TN:
SF:c:\MyProg\cordova-react-example-master\platforms\android\app\build\intermediates\assets\debug\www\js\bundle.js
FN:1,(anonymous_0)
FN:6,__webpack_require__
FN:37,(anonymous_2)
FN:44,(anonymous_3)
FN:56,(anonymous_4)
FN:63,(anonymous_5)
FN:68,(anonymous_6)
FN:70,getDefault
FN:71,getModuleExports
FN:77,(anonymous_9)
FN:94,(anonymous_10)
FN:106,(anonymous_11)
FN:117,(anonymous_12)
FN:128,(anonymous_13)
FN:139,(anonymous_14)
FN:150,(anonymous_15)
FN:161,(anonymous_16)
FN:173,(anonymous_17)
FN:184,(anonymous_18)
FN:195,(anonymous_19)
FN:206,(anonymous_20)
FN:217,(anonymous_21)
FN:228,(anonymous_22)
FN:239,(anonymous_23)
FN:251,(anonymous_24)
FN:262,(anonymous_25)
FN:273,(anonymous_26)
FN:285,(anonymous_27)
FN:297,(anonymous_28)
FN:308,(anonymous_29)
FN:319,(anonymous_30)
FN:330,(anonymous_31)
FN:341,(anonymous_32)
FN:352,(anonymous_33)
FN:364,(anonymous_34)
FN:375,(anonymous_35)
FN:386,(anonymous_36)
FN:398,(anonymous_37)
FN:410,(anonymous_38)
FN:422,(anonymous_39)
FN:433,(anonymous_40)
FN:445,(anonymous_41)
FN:456,(anonymous_42)
FN:468,(anonymous_43)
FN:480,(anonymous_44)
FN:491,(anonymous_45)
FN:502,(anonymous_46)
FN:513,(anonymous_47)
FN:524,(anonymous_48)
FN:535,(anonymous_49)
FN:546,(anonymous_50)
FN:557,(anonymous_51)
FN:568,(anonymous_52)
FN:580,(anonymous_53)
FN:592,(anonymous_54)
FN:603,(anonymous_55)
FN:614,(anonymous_56)
FN:625,(anonymous_57)
FN:636,(anonymous_58)
FN:647,(anonymous_59)
FN:658,(anonymous_60)
FN:669,(anonymous_61)
FN:680,(anonymous_62)
FN:691,(anonymous_63)
FN:702,(anonymous_64)
FN:713,(anonymous_65)
FN:724,(anonymous_66)
FN:735,(anonymous_67)
FN:746,(anonymous_68)
FN:757,(anonymous_69)
FN:769,(anonymous_70)
FN:781,(anonymous_71)
FN:792,(anonymous_72)
FN:803,(anonymous_73)
FN:814,(anonymous_74)
FN:825,(anonymous_75)
FN:836,(anonymous_76)
FN:847,(anonymous_77)
FN:858,(anonymous_78)
FN:869,(anonymous_79)
FN:880,(anonymous_80)
FN:891,(anonymous_81)
FN:903,(anonymous_82)
FN:915,(anonymous_83)
FN:926,(anonymous_84)
FN:937,(anonymous_85)
FN:948,(anonymous_86)
FN:959,(anonymous_87)
FN:970,(anonymous_88)
FN:981,(anonymous_89)
FN:992,(anonymous_90)
FN:1003,(anonymous_91)
FN:1014,(anonymous_92)
FN:1025,(anonymous_93)
FN:1036,(anonymous_94)
FN:1047,(anonymous_95)
FN:1058,(anonymous_96)
FN:1069,(anonymous_97)
FN:1080,(anonymous_98)
FN:1091,(anonymous_99)
FN:1102,(anonymous_100)
FN:1113,(anonymous_101)
FN:1124,(anonymous_102)
FN:1135,(anonymous_103)
FN:1146,(anonymous_104)
FN:1158,(anonymous_105)
FN:1170,(anonymous_106)
FN:1181,(anonymous_107)
FN:1192,(anonymous_108)
FN:1204,(anonymous_109)
FN:1215,(anonymous_110)
FN:1226,(anonymous_111)
FN:1237,(anonymous_112)
FN:1248,(anonymous_113)
FN:1260,(anonymous_114)
FN:1271,(anonymous_115)
FN:1282,(anonymous_116)
FN:1293,(anonymous_117)
FN:1304,(anonymous_118)
FN:1316,(anonymous_119)
FN:1327,(anonymous_120)
FN:1338,(anonymous_121)
FN:1349,(anonymous_122)
FN:1360,(anonymous_123)
FN:1371,(anonymous_124)
FN:1382,(anonymous_125)
FN:1393,(anonymous_126)
FN:1404,(anonymous_127)
FN:1415,(anonymous_128)
FN:1426,(anonymous_129)
FN:1438,(anonymous_130)
FN:1450,(anonymous_131)
FN:1461,(anonymous_132)
FN:1472,(anonymous_133)
FN:1483,(anonymous_134)
FN:1494,(anonymous_135)
FN:1505,(anonymous_136)
FN:1516,(anonymous_137)
FN:1527,(anonymous_138)
FN:1538,(anonymous_139)
FN:1549,(anonymous_140)
FN:1561,(anonymous_141)
FN:1572,(anonymous_142)
FN:1584,(anonymous_143)
FN:1596,(anonymous_144)
FN:1608,(anonymous_145)
FN:1620,(anonymous_146)
FN:1632,(anonymous_147)
FN:1644,(anonymous_148)
FN:1655,(anonymous_149)
FN:1667,(anonymous_150)
FN:1679,(anonymous_151)
FN:1691,(anonymous_152)
FN:1703,(anonymous_153)
FN:1715,(anonymous_154)
FN:1727,(anonymous_155)
FN:1739,(anonymous_156)
FN:1751,(anonymous_157)
FN:1763,(anonymous_158)
FN:1775,(anonymous_159)
FN:1786,(anonymous_160)
FN:1797,(anonymous_161)
FN:1808,(anonymous_162)
FN:1820,(anonymous_163)
FN:1831,(anonymous_164)
FN:1842,(anonymous_165)
FN:1853,(anonymous_166)
FN:1865,(anonymous_167)
FN:1876,(anonymous_168)
FN:1888,(anonymous_169)
FN:1899,(anonymous_170)
FN:1910,(anonymous_171)
FN:1921,(anonymous_172)
FN:1932,(anonymous_173)
FN:1943,(anonymous_174)
FN:1954,(anonymous_175)
FN:1965,(anonymous_176)
FN:1976,(anonymous_177)
FN:1987,(anonymous_178)
FN:1998,(anonymous_179)
FN:2009,(anonymous_180)
FN:2020,(anonymous_181)
FN:2031,(anonymous_182)
FN:2042,(anonymous_183)
FN:2053,(anonymous_184)
FN:2064,(anonymous_185)
FN:2075,(anonymous_186)
FN:2087,(anonymous_187)
FN:2098,(anonymous_188)
FN:2109,(anonymous_189)
FN:2120,(anonymous_190)
FN:2131,(anonymous_191)
FN:2142,(anonymous_192)
FN:2153,(anonymous_193)
FN:2164,(anonymous_194)
FN:2175,(anonymous_195)
FN:2186,(anonymous_196)
FN:2198,(anonymous_197)
FN:2210,(anonymous_198)
FN:2221,(anonymous_199)
FN:2232,(anonymous_200)
FN:2243,(anonymous_201)
FN:2254,(anonymous_202)
FN:2265,(anonymous_203)
FN:2276,(anonymous_204)
FN:2287,(anonymous_205)
FN:2298,(anonymous_206)
FN:2309,(anonymous_207)
FN:2320,(anonymous_208)
FN:2331,(anonymous_209)
FN:2342,(anonymous_210)
FN:2353,(anonymous_211)
FN:2364,(anonymous_212)
FN:2375,(anonymous_213)
FN:2386,(anonymous_214)
FN:2398,(anonymous_215)
FN:2409,(anonymous_216)
FN:2420,(anonymous_217)
FN:2432,(anonymous_218)
FN:2443,(anonymous_219)
FN:2454,(anonymous_220)
FN:2465,(anonymous_221)
FN:2476,(anonymous_222)
FN:2488,(anonymous_223)
FN:2499,(anonymous_224)
FN:2510,(anonymous_225)
FN:2521,(anonymous_226)
FN:2532,(anonymous_227)
FN:2543,(anonymous_228)
FN:2554,(anonymous_229)
FN:2565,(anonymous_230)
FN:2576,(anonymous_231)
FN:2587,(anonymous_232)
FN:2598,(anonymous_233)
FN:2610,(anonymous_234)
FN:2621,(anonymous_235)
FN:2633,(anonymous_236)
FN:2645,(anonymous_237)
FN:2657,(anonymous_238)
FN:2669,(anonymous_239)
FN:2681,(anonymous_240)
FN:2693,(anonymous_241)
FN:2705,(anonymous_242)
FN:2717,(anonymous_243)
FN:2729,(anonymous_244)
FN:2741,(anonymous_245)
FN:2753,(anonymous_246)
FN:2765,(anonymous_247)
FN:2777,(anonymous_248)
FN:2789,(anonymous_249)
FN:2801,(anonymous_250)
FN:2812,(anonymous_251)
FN:2824,(anonymous_252)
FN:2836,(anonymous_253)
FN:2848,(anonymous_254)
FN:2860,(anonymous_255)
FN:2871,(anonymous_256)
FN:2882,(anonymous_257)
FN:2894,(anonymous_258)
FN:2906,(anonymous_259)
FN:2918,(anonymous_260)
FN:2930,(anonymous_261)
FN:2942,(anonymous_262)
FN:2954,(anonymous_263)
FN:2966,(anonymous_264)
FN:2978,(anonymous_265)
FN:2989,(anonymous_266)
FN:3000,(anonymous_267)
FN:3011,(anonymous_268)
FN:3022,(anonymous_269)
FN:3033,(anonymous_270)
FN:3044,(anonymous_271)
FN:3055,(anonymous_272)
FN:3066,(anonymous_273)
FN:3077,(anonymous_274)
FN:3088,(anonymous_275)
FN:3100,(anonymous_276)
FN:3112,(anonymous_277)
FN:3124,(anonymous_278)
FN:3135,(anonymous_279)
FN:3146,(anonymous_280)
FN:3157,(anonymous_281)
FN:3169,(anonymous_282)
FN:3181,(anonymous_283)
FN:3193,(anonymous_284)
FN:3204,(anonymous_285)
FN:3215,(anonymous_286)
FN:3226,(anonymous_287)
FN:3237,(anonymous_288)
FN:3248,(anonymous_289)
FN:3260,(anonymous_290)
FN:3272,(anonymous_291)
FN:3284,(anonymous_292)
FN:3296,(anonymous_293)
FN:3308,(anonymous_294)
FN:3320,(anonymous_295)
FN:3332,(anonymous_296)
FN:3343,(anonymous_297)
FN:3355,(anonymous_298)
FN:3367,(anonymous_299)
FN:3379,(anonymous_300)
FN:3391,(anonymous_301)
FN:3402,(anonymous_302)
FN:3414,(anonymous_303)
FN:3426,(anonymous_304)
FN:3438,(anonymous_305)
FNF:306
FNH:0
FNDA:0,(anonymous_0)
FNDA:0,__webpack_require__
FNDA:0,(anonymous_2)
FNDA:0,(anonymous_3)
FNDA:0,(anonymous_4)
FNDA:0,(anonymous_5)
FNDA:0,(anonymous_6)
FNDA:0,getDefault
FNDA:0,getModuleExports
FNDA:0,(anonymous_9)
FNDA:0,(anonymous_10)
FNDA:0,(anonymous_11)
FNDA:0,(anonymous_12)
FNDA:0,(anonymous_13)
FNDA:0,(anonymous_14)
FNDA:0,(anonymous_15)
FNDA:0,(anonymous_16)
FNDA:0,(anonymous_17)
FNDA:0,(anonymous_18)
FNDA:0,(anonymous_19)
FNDA:0,(anonymous_20)
FNDA:0,(anonymous_21)
FNDA:0,(anonymous_22)
FNDA:0,(anonymous_23)
FNDA:0,(anonymous_24)
FNDA:0,(anonymous_25)
FNDA:0,(anonymous_26)
FNDA:0,(anonymous_27)
FNDA:0,(anonymous_28)
FNDA:0,(anonymous_29)
FNDA:0,(anonymous_30)
FNDA:0,(anonymous_31)
FNDA:0,(anonymous_32)
FNDA:0,(anonymous_33)
FNDA:0,(anonymous_34)
FNDA:0,(anonymous_35)
FNDA:0,(anonymous_36)
FNDA:0,(anonymous_37)
FNDA:0,(anonymous_38)
FNDA:0,(anonymous_39)
FNDA:0,(anonymous_40)
FNDA:0,(anonymous_41)
FNDA:0,(anonymous_42)
FNDA:0,(anonymous_43)
FNDA:0,(anonymous_44)
FNDA:0,(anonymous_45)
FNDA:0,(anonymous_46)
FNDA:0,(anonymous_47)
FNDA:0,(anonymous_48)
FNDA:0,(anonymous_49)
FNDA:0,(anonymous_50)
FNDA:0,(anonymous_51)
FNDA:0,(anonymous_52)
FNDA:0,(anonymous_53)
FNDA:0,(anonymous_54)
FNDA:0,(anonymous_55)
FNDA:0,(anonymous_56)
FNDA:0,(anonymous_57)
FNDA:0,(anonymous_58)
FNDA:0,(anonymous_59)
FNDA:0,(anonymous_60)
FNDA:0,(anonymous_61)
FNDA:0,(anonymous_62)
FNDA:0,(anonymous_63)
FNDA:0,(anonymous_64)
FNDA:0,(anonymous_65)
FNDA:0,(anonymous_66)
FNDA:0,(anonymous_67)
FNDA:0,(anonymous_68)
FNDA:0,(anonymous_69)
FNDA:0,(anonymous_70)
FNDA:0,(anonymous_71)
FNDA:0,(anonymous_72)
FNDA:0,(anonymous_73)
FNDA:0,(anonymous_74)
FNDA:0,(anonymous_75)
FNDA:0,(anonymous_76)
FNDA:0,(anonymous_77)
FNDA:0,(anonymous_78)
FNDA:0,(anonymous_79)
FNDA:0,(anonymous_80)
FNDA:0,(anonymous_81)
FNDA:0,(anonymous_82)
FNDA:0,(anonymous_83)
FNDA:0,(anonymous_84)
FNDA:0,(anonymous_85)
FNDA:0,(anonymous_86)
FNDA:0,(anonymous_87)
FNDA:0,(anonymous_88)
FNDA:0,(anonymous_89)
FNDA:0,(anonymous_90)
FNDA:0,(anonymous_91)
FNDA:0,(anonymous_92)
FNDA:0,(anonymous_93)
FNDA:0,(anonymous_94)
FNDA:0,(anonymous_95)
FNDA:0,(anonymous_96)
FNDA:0,(anonymous_97)
FNDA:0,(anonymous_98)
FNDA:0,(anonymous_99)
FNDA:0,(anonymous_100)
FNDA:0,(anonymous_101)
FNDA:0,(anonymous_102)
FNDA:0,(anonymous_103)
FNDA:0,(anonymous_104)
FNDA:0,(anonymous_105)
FNDA:0,(anonymous_106)
FNDA:0,(anonymous_107)
FNDA:0,(anonymous_108)
FNDA:0,(anonymous_109)
FNDA:0,(anonymous_110)
FNDA:0,(anonymous_111)
FNDA:0,(anonymous_112)
FNDA:0,(anonymous_113)
FNDA:0,(anonymous_114)
FNDA:0,(anonymous_115)
FNDA:0,(anonymous_116)
FNDA:0,(anonymous_117)
FNDA:0,(anonymous_118)
FNDA:0,(anonymous_119)
FNDA:0,(anonymous_120)
FNDA:0,(anonymous_121)
FNDA:0,(anonymous_122)
FNDA:0,(anonymous_123)
FNDA:0,(anonymous_124)
FNDA:0,(anonymous_125)
FNDA:0,(anonymous_126)
FNDA:0,(anonymous_127)
FNDA:0,(anonymous_128)
FNDA:0,(anonymous_129)
FNDA:0,(anonymous_130)
FNDA:0,(anonymous_131)
FNDA:0,(anonymous_132)
FNDA:0,(anonymous_133)
FNDA:0,(anonymous_134)
FNDA:0,(anonymous_135)
FNDA:0,(anonymous_136)
FNDA:0,(anonymous_137)
FNDA:0,(anonymous_138)
FNDA:0,(anonymous_139)
FNDA:0,(anonymous_140)
FNDA:0,(anonymous_141)
FNDA:0,(anonymous_142)
FNDA:0,(anonymous_143)
FNDA:0,(anonymous_144)
FNDA:0,(anonymous_145)
FNDA:0,(anonymous_146)
FNDA:0,(anonymous_147)
FNDA:0,(anonymous_148)
FNDA:0,(anonymous_149)
FNDA:0,(anonymous_150)
FNDA:0,(anonymous_151)
FNDA:0,(anonymous_152)
FNDA:0,(anonymous_153)
FNDA:0,(anonymous_154)
FNDA:0,(anonymous_155)
FNDA:0,(anonymous_156)
FNDA:0,(anonymous_157)
FNDA:0,(anonymous_158)
FNDA:0,(anonymous_159)
FNDA:0,(anonymous_160)
FNDA:0,(anonymous_161)
FNDA:0,(anonymous_162)
FNDA:0,(anonymous_163)
FNDA:0,(anonymous_164)
FNDA:0,(anonymous_165)
FNDA:0,(anonymous_166)
FNDA:0,(anonymous_167)
FNDA:0,(anonymous_168)
FNDA:0,(anonymous_169)
FNDA:0,(anonymous_170)
FNDA:0,(anonymous_171)
FNDA:0,(anonymous_172)
FNDA:0,(anonymous_173)
FNDA:0,(anonymous_174)
FNDA:0,(anonymous_175)
FNDA:0,(anonymous_176)
FNDA:0,(anonymous_177)
FNDA:0,(anonymous_178)
FNDA:0,(anonymous_179)
FNDA:0,(anonymous_180)
FNDA:0,(anonymous_181)
FNDA:0,(anonymous_182)
FNDA:0,(anonymous_183)
FNDA:0,(anonymous_184)
FNDA:0,(anonymous_185)
FNDA:0,(anonymous_186)
FNDA:0,(anonymous_187)
FNDA:0,(anonymous_188)
FNDA:0,(anonymous_189)
FNDA:0,(anonymous_190)
FNDA:0,(anonymous_191)
FNDA:0,(anonymous_192)
FNDA:0,(anonymous_193)
FNDA:0,(anonymous_194)
FNDA:0,(anonymous_195)
FNDA:0,(anonymous_196)
FNDA:0,(anonymous_197)
FNDA:0,(anonymous_198)
FNDA:0,(anonymous_199)
FNDA:0,(anonymous_200)
FNDA:0,(anonymous_201)
FNDA:0,(anonymous_202)
FNDA:0,(anonymous_203)
FNDA:0,(anonymous_204)
FNDA:0,(anonymous_205)
FNDA:0,(anonymous_206)
FNDA:0,(anonymous_207)
FNDA:0,(anonymous_208)
FNDA:0,(anonymous_209)
FNDA:0,(anonymous_210)
FNDA:0,(anonymous_211)
FNDA:0,(anonymous_212)
FNDA:0,(anonymous_213)
FNDA:0,(anonymous_214)
FNDA:0,(anonymous_215)
FNDA:0,(anonymous_216)
FNDA:0,(anonymous_217)
FNDA:0,(anonymous_218)
FNDA:0,(anonymous_219)
FNDA:0,(anonymous_220)
FNDA:0,(anonymous_221)
FNDA:0,(anonymous_222)
FNDA:0,(anonymous_223)
FNDA:0,(anonymous_224)
FNDA:0,(anonymous_225)
FNDA:0,(anonymous_226)
FNDA:0,(anonymous_227)
FNDA:0,(anonymous_228)
FNDA:0,(anonymous_229)
FNDA:0,(anonymous_230)
FNDA:0,(anonymous_231)
FNDA:0,(anonymous_232)
FNDA:0,(anonymous_233)
FNDA:0,(anonymous_234)
FNDA:0,(anonymous_235)
FNDA:0,(anonymous_236)
FNDA:0,(anonymous_237)
FNDA:0,(anonymous_238)
FNDA:0,(anonymous_239)
FNDA:0,(anonymous_240)
FNDA:0,(anonymous_241)
FNDA:0,(anonymous_242)
FNDA:0,(anonymous_243)
FNDA:0,(anonymous_244)
FNDA:0,(anonymous_245)
FNDA:0,(anonymous_246)
FNDA:0,(anonymous_247)
FNDA:0,(anonymous_248)
FNDA:0,(anonymous_249)
FNDA:0,(anonymous_250)
FNDA:0,(anonymous_251)
FNDA:0,(anonymous_252)
FNDA:0,(anonymous_253)
FNDA:0,(anonymous_254)
FNDA:0,(anonymous_255)
FNDA:0,(anonymous_256)
FNDA:0,(anonymous_257)
FNDA:0,(anonymous_258)
FNDA:0,(anonymous_259)
FNDA:0,(anonymous_260)
FNDA:0,(anonymous_261)
FNDA:0,(anonymous_262)
FNDA:0,(anonymous_263)
FNDA:0,(anonymous_264)
FNDA:0,(anonymous_265)
FNDA:0,(anonymous_266)
FNDA:0,(anonymous_267)
FNDA:0,(anonymous_268)
FNDA:0,(anonymous_269)
FNDA:0,(anonymous_270)
FNDA:0,(anonymous_271)
FNDA:0,(anonymous_272)
FNDA:0,(anonymous_273)
FNDA:0,(anonymous_274)
FNDA:0,(anonymous_275)
FNDA:0,(anonymous_276)
FNDA:0,(anonymous_277)
FNDA:0,(anonymous_278)
FNDA:0,(anonymous_279)
FNDA:0,(anonymous_280)
FNDA:0,(anonymous_281)
FNDA:0,(anonymous_282)
FNDA:0,(anonymous_283)
FNDA:0,(anonymous_284)
FNDA:0,(anonymous_285)
FNDA:0,(anonymous_286)
FNDA:0,(anonymous_287)
FNDA:0,(anonymous_288)
FNDA:0,(anonymous_289)
FNDA:0,(anonymous_290)
FNDA:0,(anonymous_291)
FNDA:0,(anonymous_292)
FNDA:0,(anonymous_293)
FNDA:0,(anonymous_294)
FNDA:0,(anonymous_295)
FNDA:0,(anonymous_296)
FNDA:0,(anonymous_297)
FNDA:0,(anonymous_298)
FNDA:0,(anonymous_299)
FNDA:0,(anonymous_300)
FNDA:0,(anonymous_301)
FNDA:0,(anonymous_302)
FNDA:0,(anonymous_303)
FNDA:0,(anonymous_304)
FNDA:0,(anonymous_305)
DA:1,0
DA:3,0
DA:9,0
DA:10,0
DA:13,0
DA:20,0
DA:23,0
DA:26,0
DA:31,0
DA:34,0
DA:37,0
DA:38,0
DA:39,0
DA:44,0
DA:45,0
DA:46,0
DA:48,0
DA:56,0
DA:57,0
DA:58,0
DA:59,0
DA:60,0
DA:61,0
DA:62,0
DA:63,0
DA:64,0
DA:68,0
DA:69,0
DA:70,0
DA:71,0
DA:72,0
DA:73,0
DA:77,0
DA:80,0
DA:84,0
DA:97,0
DA:108,0
DA:119,0
DA:130,0
DA:141,0
DA:152,0
DA:164,0
DA:175,0
DA:186,0
DA:197,0
DA:208,0
DA:219,0
DA:230,0
DA:242,0
DA:253,0
DA:264,0
DA:276,0
DA:288,0
DA:299,0
DA:310,0
DA:321,0
DA:332,0
DA:343,0
DA:355,0
DA:366,0
DA:377,0
DA:389,0
DA:401,0
DA:413,0
DA:424,0
DA:436,0
DA:447,0
DA:459,0
DA:471,0
DA:482,0
DA:493,0
DA:504,0
DA:515,0
DA:526,0
DA:537,0
DA:548,0
DA:559,0
DA:571,0
DA:583,0
DA:594,0
DA:605,0
DA:616,0
DA:627,0
DA:638,0
DA:649,0
DA:660,0
DA:671,0
DA:682,0
DA:693,0
DA:704,0
DA:715,0
DA:726,0
DA:737,0
DA:748,0
DA:760,0
DA:772,0
DA:783,0
DA:794,0
DA:805,0
DA:816,0
DA:827,0
DA:838,0
DA:849,0
DA:860,0
DA:871,0
DA:882,0
DA:894,0
DA:906,0
DA:917,0
DA:928,0
DA:939,0
DA:950,0
DA:961,0
DA:972,0
DA:983,0
DA:994,0
DA:1005,0
DA:1016,0
DA:1027,0
DA:1038,0
DA:1049,0
DA:1060,0
DA:1071,0
DA:1082,0
DA:1093,0
DA:1104,0
DA:1115,0
DA:1126,0
DA:1137,0
DA:1149,0
DA:1161,0
DA:1172,0
DA:1183,0
DA:1195,0
DA:1206,0
DA:1217,0
DA:1228,0
DA:1239,0
DA:1251,0
DA:1262,0
DA:1273,0
DA:1284,0
DA:1295,0
DA:1307,0
DA:1318,0
DA:1329,0
DA:1340,0
DA:1351,0
DA:1362,0
DA:1373,0
DA:1384,0
DA:1395,0
DA:1406,0
DA:1417,0
DA:1429,0
DA:1441,0
DA:1452,0
DA:1463,0
DA:1474,0
DA:1485,0
DA:1496,0
DA:1507,0
DA:1518,0
DA:1529,0
DA:1540,0
DA:1552,0
DA:1563,0
DA:1575,0
DA:1587,0
DA:1599,0
DA:1611,0
DA:1623,0
DA:1635,0
DA:1646,0
DA:1658,0
DA:1670,0
DA:1682,0
DA:1694,0
DA:1706,0
DA:1718,0
DA:1730,0
DA:1742,0
DA:1754,0
DA:1766,0
DA:1777,0
DA:1788,0
DA:1799,0
DA:1811,0
DA:1822,0
DA:1833,0
DA:1844,0
DA:1856,0
DA:1867,0
DA:1879,0
DA:1890,0
DA:1901,0
DA:1912,0
DA:1923,0
DA:1934,0
DA:1945,0
DA:1956,0
DA:1967,0
DA:1978,0
DA:1989,0
DA:2000,0
DA:2011,0
DA:2022,0
DA:2033,0
DA:2044,0
DA:2055,0
DA:2066,0
DA:2078,0
DA:2089,0
DA:2100,0
DA:2111,0
DA:2122,0
DA:2133,0
DA:2144,0
DA:2155,0
DA:2166,0
DA:2177,0
DA:2189,0
DA:2201,0
DA:2212,0
DA:2223,0
DA:2234,0
DA:2245,0
DA:2256,0
DA:2267,0
DA:2278,0
DA:2289,0
DA:2300,0
DA:2311,0
DA:2322,0
DA:2333,0
DA:2344,0
DA:2355,0
DA:2366,0
DA:2377,0
DA:2389,0
DA:2400,0
DA:2411,0
DA:2423,0
DA:2434,0
DA:2445,0
DA:2456,0
DA:2467,0
DA:2479,0
DA:2490,0
DA:2501,0
DA:2512,0
DA:2523,0
DA:2534,0
DA:2545,0
DA:2556,0
DA:2567,0
DA:2578,0
DA:2589,0
DA:2601,0
DA:2612,0
DA:2624,0
DA:2636,0
DA:2648,0
DA:2660,0
DA:2672,0
DA:2684,0
DA:2696,0
DA:2708,0
DA:2720,0
DA:2732,0
DA:2744,0
DA:2756,0
DA:2768,0
DA:2780,0
DA:2792,0
DA:2803,0
DA:2815,0
DA:2827,0
DA:2839,0
DA:2851,0
DA:2862,0
DA:2873,0
DA:2885,0
DA:2897,0
DA:2909,0
DA:2921,0
DA:2933,0
DA:2945,0
DA:2957,0
DA:2969,0
DA:2980,0
DA:2991,0
DA:3002,0
DA:3013,0
DA:3024,0
DA:3035,0
DA:3046,0
DA:3057,0
DA:3068,0
DA:3079,0
DA:3091,0
DA:3103,0
DA:3115,0
DA:3126,0
DA:3137,0
DA:3148,0
DA:3160,0
DA:3172,0
DA:3184,0
DA:3195,0
DA:3206,0
DA:3217,0
DA:3228,0
DA:3239,0
DA:3251,0
DA:3263,0
DA:3275,0
DA:3287,0
DA:3299,0
DA:3311,0
DA:3323,0
DA:3334,0
DA:3346,0
DA:3358,0
DA:3370,0
DA:3382,0
DA:3393,0
DA:3405,0
DA:3417,0
DA:3429,0
DA:3440,0
LF:331
LH:0
BRDA:9,0,0,0
BRDA:9,0,1,0
BRDA:38,1,0,0
BRDA:38,1,1,0
BRDA:45,2,0,0
BRDA:45,2,1,0
BRDA:45,3,0,0
BRDA:45,3,1,0
BRDA:57,4,0,0
BRDA:57,4,1,0
BRDA:58,5,0,0
BRDA:58,5,1,0
BRDA:59,6,0,0
BRDA:59,6,1,0
BRDA:59,7,0,0
BRDA:59,7,1,0
BRDA:59,7,2,0
BRDA:59,7,3,0
BRDA:63,8,0,0
BRDA:63,8,1,0
BRDA:63,9,0,0
BRDA:63,9,1,0
BRDA:69,10,0,0
BRDA:69,10,1,0
BRDA:69,11,0,0
BRDA:69,11,1,0
BRF:26
BRH:0
end_of_record
TN:
SF:c:\MyProg\cordova-react-example-master\platforms\android\app\build\intermediates\assets\debug\www\js\index.js
FNF:0
FNH:0
LF:0
LH:0
BRF:0
BRH:0
end_of_record
TN:
SF:c:\MyProg\cordova-react-example-master\platforms\android\app\src\main\assets\www\cordova.js
FN:21,(anonymous_0)
FN:31,(anonymous_1)
FN:39,build
FN:41,(anonymous_3)
FN:55,(anonymous_4)
FN:75,(anonymous_5)
FN:86,(anonymous_6)
FN:100,(anonymous_7)
FN:126,(anonymous_8)
FN:135,(anonymous_9)
FN:144,(anonymous_10)
FN:154,(anonymous_11)
FN:164,createEvent
FN:190,(anonymous_13)
FN:193,(anonymous_14)
FN:196,(anonymous_15)
FN:199,(anonymous_16)
FN:202,(anonymous_17)
FN:210,(anonymous_18)
FN:218,(anonymous_19)
FN:224,(anonymous_20)
FN:236,(anonymous_21)
FN:239,(anonymous_22)
FN:270,(anonymous_23)
FN:277,(anonymous_24)
FN:286,(anonymous_25)
FN:315,(anonymous_26)
FN:316,(anonymous_27)
FN:331,(anonymous_28)
FN:341,(anonymous_29)
FN:342,(anonymous_30)
FN:346,(anonymous_31)
FN:354,(anonymous_32)
FN:362,(anonymous_33)
FN:365,(anonymous_34)
FN:368,(anonymous_35)
FN:376,(anonymous_36)
FN:391,extractParamName
FN:395,checkArgs
FN:429,getValue
FN:440,(anonymous_40)
FN:444,(anonymous_41)
FN:449,(anonymous_42)
FN:469,(anonymous_43)
FN:476,(anonymous_44)
FN:480,uint8ToBase64
FN:506,(anonymous_46)
FN:510,each
FN:518,clobber
FN:528,(anonymous_49)
FN:534,assignOrWrapInDeprecateGetter
FN:536,(anonymous_51)
FN:547,include
FN:548,(anonymous_53)
FN:591,recursiveMerge
FN:608,(anonymous_55)
FN:611,(anonymous_56)
FN:614,(anonymous_57)
FN:619,(anonymous_58)
FN:624,(anonymous_59)
FN:667,(anonymous_60)
FN:686,(anonymous_61)
FN:689,(anonymous_62)
FN:701,(anonymous_63)
FN:704,(anonymous_64)
FN:721,(anonymous_65)
FN:734,(anonymous_66)
FN:742,checkSubscriptionArgument
FN:758,(anonymous_68)
FN:801,(anonymous_69)
FN:827,(anonymous_70)
FN:886,(anonymous_71)
FN:931,(anonymous_72)
FN:931,(anonymous_73)
FN:933,androidExec
FN:977,(anonymous_75)
FN:993,pollOnceFromOnlineEvent
FN:997,pollOnce
FN:1011,pollingTimerFunc
FN:1018,hookOnlineApis
FN:1019,proxyEvent
FN:1039,(anonymous_81)
FN:1047,(anonymous_82)
FN:1068,buildPayload
FN:1100,processMessage
FN:1121,processMessages
FN:1147,popMessageFromQueue
FN:1168,(anonymous_87)
FN:1176,(anonymous_88)
FN:1183,(anonymous_89)
FN:1190,(anonymous_90)
FN:1198,(anonymous_91)
FN:1209,logUnfiredChannels
FN:1217,(anonymous_93)
FN:1227,replaceNavigator
FN:1228,(anonymous_95)
FN:1238,(anonymous_96)
FN:1239,(anonymous_97)
FN:1255,(anonymous_98)
FN:1259,(anonymous_99)
FN:1274,(anonymous_100)
FN:1295,(anonymous_101)
FN:1296,(anonymous_102)
FN:1304,(anonymous_103)
FN:1315,(anonymous_104)
FN:1324,(anonymous_105)
FN:1338,logUnfiredChannels
FN:1346,(anonymous_107)
FN:1356,replaceNavigator
FN:1357,(anonymous_109)
FN:1367,(anonymous_110)
FN:1368,(anonymous_111)
FN:1383,(anonymous_112)
FN:1387,(anonymous_113)
FN:1402,(anonymous_114)
FN:1419,(anonymous_115)
FN:1420,(anonymous_116)
FN:1428,(anonymous_117)
FN:1439,(anonymous_118)
FN:1448,(anonymous_119)
FN:1455,(anonymous_120)
FN:1460,addEntry
FN:1471,(anonymous_122)
FN:1475,(anonymous_123)
FN:1479,(anonymous_124)
FN:1483,(anonymous_125)
FN:1487,prepareNamespace
FN:1499,(anonymous_127)
FN:1530,(anonymous_128)
FN:1548,(anonymous_129)
FN:1554,(anonymous_130)
FN:1559,addEntry
FN:1567,(anonymous_132)
FN:1571,(anonymous_133)
FN:1575,(anonymous_134)
FN:1579,(anonymous_135)
FN:1583,prepareNamespace
FN:1595,(anonymous_137)
FN:1626,(anonymous_138)
FN:1644,(anonymous_139)
FN:1651,(anonymous_140)
FN:1667,(anonymous_141)
FN:1677,bindButtonChannel
FN:1680,(anonymous_143)
FN:1693,(anonymous_144)
FN:1703,(anonymous_145)
FN:1710,onMessageFromNative
FN:1754,(anonymous_147)
FN:1763,(anonymous_148)
FN:1781,(anonymous_149)
FN:1788,(anonymous_150)
FN:1796,(anonymous_151)
FN:1804,(anonymous_152)
FN:1817,(anonymous_153)
FN:1832,(anonymous_154)
FN:1839,(anonymous_155)
FN:1847,(anonymous_156)
FN:1853,(anonymous_157)
FN:1863,injectIfNecessary
FN:1868,(anonymous_159)
FN:1878,onScriptLoadingComplete
FN:1906,handlePluginsObject
FN:1914,scriptLoadedCallback
FN:1925,findCordovaPath
FN:1942,(anonymous_164)
FN:1948,(anonymous_165)
FN:1957,(anonymous_166)
FN:1963,handlePluginsObject
FN:1994,(anonymous_168)
FN:2004,(anonymous_169)
FN:2010,makeAbsolute
FN:2019,(anonymous_171)
FN:2026,(anonymous_172)
FN:2049,(anonymous_173)
FN:2065,(anonymous_174)
FN:2073,(anonymous_175)
FN:2081,(anonymous_176)
FN:2086,(anonymous_177)
FN:2093,(anonymous_178)
FN:2123,(anonymous_179)
FN:2124,(anonymous_180)
FN:2131,UUIDcreatePart
FN:2146,(anonymous_182)
FN:2158,(anonymous_183)
FN:2160,(anonymous_184)
FN:2162,(anonymous_185)
FN:2174,(anonymous_186)
FNF:187
FNH:0
FNDA:0,(anonymous_0)
FNDA:0,(anonymous_1)
FNDA:0,build
FNDA:0,(anonymous_3)
FNDA:0,(anonymous_4)
FNDA:0,(anonymous_5)
FNDA:0,(anonymous_6)
FNDA:0,(anonymous_7)
FNDA:0,(anonymous_8)
FNDA:0,(anonymous_9)
FNDA:0,(anonymous_10)
FNDA:0,(anonymous_11)
FNDA:0,createEvent
FNDA:0,(anonymous_13)
FNDA:0,(anonymous_14)
FNDA:0,(anonymous_15)
FNDA:0,(anonymous_16)
FNDA:0,(anonymous_17)
FNDA:0,(anonymous_18)
FNDA:0,(anonymous_19)
FNDA:0,(anonymous_20)
FNDA:0,(anonymous_21)
FNDA:0,(anonymous_22)
FNDA:0,(anonymous_23)
FNDA:0,(anonymous_24)
FNDA:0,(anonymous_25)
FNDA:0,(anonymous_26)
FNDA:0,(anonymous_27)
FNDA:0,(anonymous_28)
FNDA:0,(anonymous_29)
FNDA:0,(anonymous_30)
FNDA:0,(anonymous_31)
FNDA:0,(anonymous_32)
FNDA:0,(anonymous_33)
FNDA:0,(anonymous_34)
FNDA:0,(anonymous_35)
FNDA:0,(anonymous_36)
FNDA:0,extractParamName
FNDA:0,checkArgs
FNDA:0,getValue
FNDA:0,(anonymous_40)
FNDA:0,(anonymous_41)
FNDA:0,(anonymous_42)
FNDA:0,(anonymous_43)
FNDA:0,(anonymous_44)
FNDA:0,uint8ToBase64
FNDA:0,(anonymous_46)
FNDA:0,each
FNDA:0,clobber
FNDA:0,(anonymous_49)
FNDA:0,assignOrWrapInDeprecateGetter
FNDA:0,(anonymous_51)
FNDA:0,include
FNDA:0,(anonymous_53)
FNDA:0,recursiveMerge
FNDA:0,(anonymous_55)
FNDA:0,(anonymous_56)
FNDA:0,(anonymous_57)
FNDA:0,(anonymous_58)
FNDA:0,(anonymous_59)
FNDA:0,(anonymous_60)
FNDA:0,(anonymous_61)
FNDA:0,(anonymous_62)
FNDA:0,(anonymous_63)
FNDA:0,(anonymous_64)
FNDA:0,(anonymous_65)
FNDA:0,(anonymous_66)
FNDA:0,checkSubscriptionArgument
FNDA:0,(anonymous_68)
FNDA:0,(anonymous_69)
FNDA:0,(anonymous_70)
FNDA:0,(anonymous_71)
FNDA:0,(anonymous_72)
FNDA:0,(anonymous_73)
FNDA:0,androidExec
FNDA:0,(anonymous_75)
FNDA:0,pollOnceFromOnlineEvent
FNDA:0,pollOnce
FNDA:0,pollingTimerFunc
FNDA:0,hookOnlineApis
FNDA:0,proxyEvent
FNDA:0,(anonymous_81)
FNDA:0,(anonymous_82)
FNDA:0,buildPayload
FNDA:0,processMessage
FNDA:0,processMessages
FNDA:0,popMessageFromQueue
FNDA:0,(anonymous_87)
FNDA:0,(anonymous_88)
FNDA:0,(anonymous_89)
FNDA:0,(anonymous_90)
FNDA:0,(anonymous_91)
FNDA:0,logUnfiredChannels
FNDA:0,(anonymous_93)
FNDA:0,replaceNavigator
FNDA:0,(anonymous_95)
FNDA:0,(anonymous_96)
FNDA:0,(anonymous_97)
FNDA:0,(anonymous_98)
FNDA:0,(anonymous_99)
FNDA:0,(anonymous_100)
FNDA:0,(anonymous_101)
FNDA:0,(anonymous_102)
FNDA:0,(anonymous_103)
FNDA:0,(anonymous_104)
FNDA:0,(anonymous_105)
FNDA:0,logUnfiredChannels
FNDA:0,(anonymous_107)
FNDA:0,replaceNavigator
FNDA:0,(anonymous_109)
FNDA:0,(anonymous_110)
FNDA:0,(anonymous_111)
FNDA:0,(anonymous_112)
FNDA:0,(anonymous_113)
FNDA:0,(anonymous_114)
FNDA:0,(anonymous_115)
FNDA:0,(anonymous_116)
FNDA:0,(anonymous_117)
FNDA:0,(anonymous_118)
FNDA:0,(anonymous_119)
FNDA:0,(anonymous_120)
FNDA:0,addEntry
FNDA:0,(anonymous_122)
FNDA:0,(anonymous_123)
FNDA:0,(anonymous_124)
FNDA:0,(anonymous_125)
FNDA:0,prepareNamespace
FNDA:0,(anonymous_127)
FNDA:0,(anonymous_128)
FNDA:0,(anonymous_129)
FNDA:0,(anonymous_130)
FNDA:0,addEntry
FNDA:0,(anonymous_132)
FNDA:0,(anonymous_133)
FNDA:0,(anonymous_134)
FNDA:0,(anonymous_135)
FNDA:0,prepareNamespace
FNDA:0,(anonymous_137)
FNDA:0,(anonymous_138)
FNDA:0,(anonymous_139)
FNDA:0,(anonymous_140)
FNDA:0,(anonymous_141)
FNDA:0,bindButtonChannel
FNDA:0,(anonymous_143)
FNDA:0,(anonymous_144)
FNDA:0,(anonymous_145)
FNDA:0,onMessageFromNative
FNDA:0,(anonymous_147)
FNDA:0,(anonymous_148)
FNDA:0,(anonymous_149)
FNDA:0,(anonymous_150)
FNDA:0,(anonymous_151)
FNDA:0,(anonymous_152)
FNDA:0,(anonymous_153)
FNDA:0,(anonymous_154)
FNDA:0,(anonymous_155)
FNDA:0,(anonymous_156)
FNDA:0,(anonymous_157)
FNDA:0,injectIfNecessary
FNDA:0,(anonymous_159)
FNDA:0,onScriptLoadingComplete
FNDA:0,handlePluginsObject
FNDA:0,scriptLoadedCallback
FNDA:0,findCordovaPath
FNDA:0,(anonymous_164)
FNDA:0,(anonymous_165)
FNDA:0,(anonymous_166)
FNDA:0,handlePluginsObject
FNDA:0,(anonymous_168)
FNDA:0,(anonymous_169)
FNDA:0,makeAbsolute
FNDA:0,(anonymous_171)
FNDA:0,(anonymous_172)
FNDA:0,(anonymous_173)
FNDA:0,(anonymous_174)
FNDA:0,(anonymous_175)
FNDA:0,(anonymous_176)
FNDA:0,(anonymous_177)
FNDA:0,(anonymous_178)
FNDA:0,(anonymous_179)
FNDA:0,(anonymous_180)
FNDA:0,UUIDcreatePart
FNDA:0,(anonymous_182)
FNDA:0,(anonymous_183)
FNDA:0,(anonymous_184)
FNDA:0,(anonymous_185)
FNDA:0,(anonymous_186)
DA:21,0
DA:22,0
DA:31,0
DA:32,0
DA:34,0
DA:36,0
DA:37,0
DA:40,0
DA:41,0
DA:42,0
DA:44,0
DA:45,0
DA:47,0
DA:49,0
DA:50,0
DA:51,0
DA:52,0
DA:55,0
DA:56,0
DA:57,0
DA:58,0
DA:59,0
DA:60,0
DA:62,0
DA:63,0
DA:64,0
DA:65,0
DA:66,0
DA:68,0
DA:69,0
DA:72,0
DA:75,0
DA:76,0
DA:77,0
DA:80,0
DA:86,0
DA:87,0
DA:90,0
DA:94,0
DA:95,0
DA:96,0
DA:100,0
DA:104,0
DA:105,0
DA:108,0
DA:109,0
DA:115,0
DA:116,0
DA:117,0
DA:118,0
DA:123,0
DA:124,0
DA:126,0
DA:127,0
DA:128,0
DA:129,0
DA:131,0
DA:135,0
DA:136,0
DA:137,0
DA:138,0
DA:140,0
DA:144,0
DA:145,0
DA:147,0
DA:148,0
DA:150,0
DA:154,0
DA:155,0
DA:157,0
DA:158,0
DA:160,0
DA:165,0
DA:166,0
DA:167,0
DA:168,0
DA:169,0
DA:170,0
DA:174,0
DA:178,0
DA:191,0
DA:194,0
DA:197,0
DA:200,0
DA:203,0
DA:211,0
DA:219,0
DA:220,0
DA:221,0
DA:222,0
DA:224,0
DA:226,0
DA:227,0
DA:229,0
DA:233,0
DA:237,0
DA:238,0
DA:239,0
DA:240,0
DA:243,0
DA:271,0
DA:280,0
DA:287,0
DA:288,0
DA:289,0
DA:290,0
DA:291,0
DA:292,0
DA:293,0
DA:303,0
DA:304,0
DA:308,0
DA:309,0
DA:310,0
DA:311,0
DA:312,0
DA:316,0
DA:317,0
DA:318,0
DA:320,0
DA:326,0
DA:331,0
DA:337,0
DA:338,0
DA:340,0
DA:341,0
DA:343,0
DA:347,0
DA:354,0
DA:361,0
DA:363,0
DA:366,0
DA:369,0
DA:376,0
DA:378,0
DA:380,0
DA:382,0
DA:392,0
DA:396,0
DA:397,0
DA:399,0
DA:401,0
DA:402,0
DA:403,0
DA:404,0
DA:406,0
DA:407,0
DA:409,0
DA:410,0
DA:411,0
DA:413,0
DA:414,0
DA:415,0
DA:418,0
DA:419,0
DA:420,0
DA:422,0
DA:423,0
DA:425,0
DA:430,0
DA:433,0
DA:434,0
DA:435,0
DA:440,0
DA:442,0
DA:444,0
DA:445,0
DA:446,0
DA:449,0
DA:450,0
DA:451,0
DA:452,0
DA:453,0
DA:454,0
DA:456,0
DA:466,0
DA:469,0
DA:470,0
DA:471,0
DA:472,0
DA:473,0
DA:476,0
DA:477,0
DA:481,0
DA:482,0
DA:484,0
DA:485,0
DA:486,0
DA:487,0
DA:488,0
DA:490,0
DA:491,0
DA:492,0
DA:493,0
DA:494,0
DA:495,0
DA:496,0
DA:497,0
DA:498,0
DA:500,0
DA:506,0
DA:508,0
DA:511,0
DA:512,0
DA:513,0
DA:519,0
DA:520,0
DA:521,0
DA:522,0
DA:524,0
DA:527,0
DA:528,0
DA:529,0
DA:535,0
DA:536,0
DA:537,0
DA:538,0
DA:539,0
DA:540,0
DA:543,0
DA:548,0
DA:549,0
DA:550,0
DA:552,0
DA:554,0
DA:555,0
DA:556,0
DA:558,0
DA:559,0
DA:561,0
DA:564,0
DA:567,0
DA:568,0
DA:571,0
DA:575,0
DA:576,0
DA:579,0
DA:592,0
DA:593,0
DA:594,0
DA:596,0
DA:598,0
DA:599,0
DA:601,0
DA:608,0
DA:609,0
DA:611,0
DA:612,0
DA:614,0
DA:615,0
DA:617,0
DA:618,0
DA:619,0
DA:624,0
DA:626,0
DA:627,0
DA:667,0
DA:668,0
DA:670,0
DA:672,0
DA:674,0
DA:676,0
DA:679,0
DA:681,0
DA:687,0
DA:688,0
DA:689,0
DA:690,0
DA:692,0
DA:693,0
DA:694,0
DA:696,0
DA:698,0
DA:702,0
DA:705,0
DA:722,0
DA:723,0
DA:724,0
DA:725,0
DA:735,0
DA:736,0
DA:737,0
DA:743,0
DA:744,0
DA:758,0
DA:759,0
DA:762,0
DA:764,0
DA:765,0
DA:768,0
DA:771,0
DA:772,0
DA:773,0
DA:776,0
DA:777,0
DA:778,0
DA:781,0
DA:783,0
DA:785,0
DA:786,0
DA:789,0
DA:790,0
DA:791,0
DA:792,0
DA:793,0
DA:801,0
DA:802,0
DA:805,0
DA:807,0
DA:810,0
DA:813,0
DA:814,0
DA:815,0
DA:816,0
DA:817,0
DA:818,0
DA:819,0
DA:827,0
DA:828,0
DA:829,0
DA:831,0
DA:832,0
DA:833,0
DA:835,0
DA:838,0
DA:839,0
DA:840,0
DA:842,0
DA:843,0
DA:845,0
DA:846,0
DA:847,0
DA:848,0
DA:855,0
DA:858,0
DA:862,0
DA:866,0
DA:869,0
DA:872,0
DA:875,0
DA:878,0
DA:879,0
DA:881,0
DA:886,0
DA:902,0
DA:903,0
DA:904,0
DA:905,0
DA:906,0
DA:907,0
DA:911,0
DA:924,0
DA:925,0
DA:926,0
DA:928,0
DA:929,0
DA:930,0
DA:931,0
DA:934,0
DA:939,0
DA:943,0
DA:944,0
DA:948,0
DA:951,0
DA:952,0
DA:953,0
DA:957,0
DA:958,0
DA:959,0
DA:960,0
DA:963,0
DA:966,0
DA:967,0
DA:968,0
DA:969,0
DA:970,0
DA:971,0
DA:973,0
DA:977,0
DA:983,0
DA:984,0
DA:985,0
DA:986,0
DA:989,0
DA:990,0
DA:994,0
DA:998,0
DA:1001,0
DA:1003,0
DA:1004,0
DA:1005,0
DA:1007,0
DA:1012,0
DA:1013,0
DA:1014,0
DA:1020,0
DA:1026,0
DA:1027,0
DA:1028,0
DA:1029,0
DA:1030,0
DA:1031,0
DA:1034,0
DA:1036,0
DA:1037,0
DA:1039,0
DA:1040,0
DA:1041,0
DA:1043,0
DA:1044,0
DA:1047,0
DA:1048,0
DA:1049,0
DA:1051,0
DA:1052,0
DA:1055,0
DA:1058,0
DA:1059,0
DA:1062,0
DA:1063,0
DA:1064,0
DA:1069,0
DA:1070,0
DA:1071,0
DA:1072,0
DA:1073,0
DA:1074,0
DA:1075,0
DA:1076,0
DA:1077,0
DA:1078,0
DA:1079,0
DA:1080,0
DA:1081,0
DA:1082,0
DA:1083,0
DA:1084,0
DA:1085,0
DA:1086,0
DA:1087,0
DA:1088,0
DA:1089,0
DA:1090,0
DA:1091,0
DA:1092,0
DA:1095,0
DA:1101,0
DA:1102,0
DA:1104,0
DA:1105,0
DA:1106,0
DA:1107,0
DA:1108,0
DA:1109,0
DA:1110,0
DA:1111,0
DA:1112,0
DA:1113,0
DA:1114,0
DA:1115,0
DA:1117,0
DA:1123,0
DA:1124,0
DA:1126,0
DA:1127,0
DA:1129,0
DA:1130,0
DA:1131,0
DA:1134,0
DA:1135,0
DA:1136,0
DA:1138,0
DA:1140,0
DA:1141,0
DA:1142,0
DA:1148,0
DA:1149,0
DA:1150,0
DA:1153,0
DA:1154,0
DA:1155,0
DA:1156,0
DA:1157,0
DA:1158,0
DA:1160,0
DA:1163,0
DA:1168,0
DA:1171,0
DA:1173,0
DA:1177,0
DA:1178,0
DA:1179,0
DA:1184,0
DA:1185,0
DA:1186,0
DA:1187,0
DA:1191,0
DA:1198,0
DA:1200,0
DA:1201,0
DA:1202,0
DA:1203,0
DA:1204,0
DA:1205,0
DA:1207,0
DA:1210,0
DA:1211,0
DA:1212,0
DA:1217,0
DA:1218,0
DA:1219,0
DA:1220,0
DA:1221,0
DA:1228,0
DA:1229,0
DA:1230,0
DA:1233,0
DA:1234,0
DA:1235,0
DA:1236,0
DA:1238,0
DA:1239,0
DA:1240,0
DA:1246,0
DA:1249,0
DA:1250,0
DA:1253,0
DA:1254,0
DA:1258,0
DA:1259,0
DA:1260,0
DA:1265,0
DA:1266,0
DA:1267,0
DA:1268,0
DA:1271,0
DA:1272,0
DA:1274,0
DA:1275,0
DA:1282,0
DA:1283,0
DA:1286,0
DA:1287,0
DA:1288,0
DA:1291,0
DA:1295,0
DA:1296,0
DA:1297,0
DA:1304,0
DA:1305,0
DA:1307,0
DA:1310,0
DA:1315,0
DA:1316,0
DA:1324,0
DA:1326,0
DA:1327,0
DA:1328,0
DA:1329,0
DA:1330,0
DA:1331,0
DA:1333,0
DA:1336,0
DA:1339,0
DA:1340,0
DA:1341,0
DA:1346,0
DA:1347,0
DA:1348,0
DA:1349,0
DA:1350,0
DA:1357,0
DA:1358,0
DA:1359,0
DA:1362,0
DA:1363,0
DA:1364,0
DA:1365,0
DA:1367,0
DA:1368,0
DA:1369,0
DA:1375,0
DA:1377,0
DA:1378,0
DA:1381,0
DA:1382,0
DA:1386,0
DA:1387,0
DA:1388,0
DA:1393,0
DA:1394,0
DA:1395,0
DA:1396,0
DA:1399,0
DA:1400,0
DA:1402,0
DA:1403,0
DA:1410,0
DA:1411,0
DA:1415,0
DA:1419,0
DA:1420,0
DA:1421,0
DA:1428,0
DA:1429,0
DA:1431,0
DA:1434,0
DA:1439,0
DA:1440,0
DA:1448,0
DA:1450,0
DA:1451,0
DA:1455,0
DA:1456,0
DA:1457,0
DA:1461,0
DA:1462,0
DA:1464,0
DA:1465,0
DA:1466,0
DA:1471,0
DA:1472,0
DA:1475,0
DA:1476,0
DA:1479,0
DA:1480,0
DA:1483,0
DA:1484,0
DA:1488,0
DA:1489,0
DA:1491,0
DA:1492,0
DA:1493,0
DA:1494,0
DA:1496,0
DA:1499,0
DA:1500,0
DA:1501,0
DA:1502,0
DA:1503,0
DA:1504,0
DA:1505,0
DA:1507,0
DA:1508,0
DA:1510,0
DA:1511,0
DA:1512,0
DA:1513,0
DA:1515,0
DA:1516,0
DA:1517,0
DA:1519,0
DA:1520,0
DA:1521,0
DA:1522,0
DA:1523,0
DA:1525,0
DA:1530,0
DA:1531,0
DA:1532,0
DA:1533,0
DA:1535,0
DA:1536,0
DA:1537,0
DA:1538,0
DA:1540,0
DA:1543,0
DA:1548,0
DA:1550,0
DA:1551,0
DA:1554,0
DA:1555,0
DA:1556,0
DA:1560,0
DA:1561,0
DA:1562,0
DA:1567,0
DA:1568,0
DA:1571,0
DA:1572,0
DA:1575,0
DA:1576,0
DA:1579,0
DA:1580,0
DA:1584,0
DA:1585,0
DA:1587,0
DA:1588,0
DA:1589,0
DA:1590,0
DA:1592,0
DA:1595,0
DA:1596,0
DA:1597,0
DA:1598,0
DA:1599,0
DA:1600,0
DA:1601,0
DA:1603,0
DA:1604,0
DA:1606,0
DA:1607,0
DA:1608,0
DA:1609,0
DA:1611,0
DA:1612,0
DA:1613,0
DA:1615,0
DA:1616,0
DA:1617,0
DA:1618,0
DA:1619,0
DA:1621,0
DA:1626,0
DA:1627,0
DA:1628,0
DA:1629,0
DA:1631,0
DA:1632,0
DA:1633,0
DA:1634,0
DA:1636,0
DA:1639,0
DA:1644,0
DA:1647,0
DA:1649,0
DA:1652,0
DA:1653,0
DA:1654,0
DA:1655,0
DA:1658,0
DA:1661,0
DA:1663,0
DA:1666,0
DA:1667,0
DA:1670,0
DA:1674,0
DA:1675,0
DA:1679,0
DA:1680,0
DA:1681,0
DA:1685,0
DA:1686,0
DA:1691,0
DA:1693,0
DA:1694,0
DA:1696,0
DA:1697,0
DA:1703,0
DA:1704,0
DA:1705,0
DA:1711,0
DA:1712,0
DA:1714,0
DA:1725,0
DA:1726,0
DA:1728,0
DA:1729,0
DA:1730,0
DA:1733,0
DA:1734,0
DA:1735,0
DA:1737,0
DA:1742,0
DA:1744,0
DA:1745,0
DA:1747,0
DA:1754,0
DA:1756,0
DA:1757,0
DA:1759,0
DA:1764,0
DA:1782,0
DA:1789,0
DA:1797,0
DA:1805,0
DA:1818,0
DA:1833,0
DA:1840,0
DA:1847,0
DA:1849,0
DA:1853,0
DA:1854,0
DA:1856,0
DA:1858,0
DA:1859,0
DA:1860,0
DA:1864,0
DA:1865,0
DA:1866,0
DA:1868,0
DA:1869,0
DA:1870,0
DA:1872,0
DA:1880,0
DA:1881,0
DA:1882,0
DA:1883,0
DA:1887,0
DA:1888,0
DA:1889,0
DA:1894,0
DA:1895,0
DA:1899,0
DA:1908,0
DA:1910,0
DA:1911,0
DA:1912,0
DA:1915,0
DA:1916,0
DA:1920,0
DA:1921,0
DA:1926,0
DA:1927,0
DA:1928,0
DA:1929,0
DA:1930,0
DA:1931,0
DA:1932,0
DA:1933,0
DA:1936,0
DA:1942,0
DA:1943,0
DA:1944,0
DA:1945,0
DA:1946,0
DA:1948,0
DA:1949,0
DA:1950,0
DA:1957,0
DA:1959,0
DA:1965,0
DA:1966,0
DA:1970,0
DA:1971,0
DA:1972,0
DA:1973,0
DA:1977,0
DA:1978,0
DA:1979,0
DA:1984,0
DA:1985,0
DA:1994,0
DA:1995,0
DA:1996,0
DA:1998,0
DA:2004,0
DA:2010,0
DA:2011,0
DA:2012,0
DA:2013,0
DA:2019,0
DA:2021,0
DA:2026,0
DA:2027,0
DA:2028,0
DA:2032,0
DA:2033,0
DA:2035,0
DA:2037,0
DA:2038,0
DA:2039,0
DA:2047,0
DA:2049,0
DA:2050,0
DA:2051,0
DA:2053,0
DA:2054,0
DA:2055,0
DA:2056,0
DA:2059,0
DA:2065,0
DA:2066,0
DA:2067,0
DA:2068,0
DA:2070,0
DA:2073,0
DA:2074,0
DA:2080,0
DA:2081,0
DA:2086,0
DA:2087,0
DA:2093,0
DA:2094,0
DA:2095,0
DA:2100,0
DA:2101,0
DA:2102,0
DA:2103,0
DA:2105,0
DA:2108,0
DA:2109,0
DA:2113,0
DA:2114,0
DA:2117,0
DA:2123,0
DA:2124,0
DA:2125,0
DA:2126,0
DA:2132,0
DA:2133,0
DA:2134,0
DA:2135,0
DA:2136,0
DA:2138,0
DA:2140,0
DA:2146,0
DA:2147,0
DA:2158,0
DA:2160,0
DA:2162,0
DA:2164,0
DA:2165,0
DA:2166,0
DA:2167,0
DA:2174,0
DA:2175,0
DA:2176,0
DA:2177,0
DA:2178,0
DA:2184,0
DA:2187,0
LF:922
LH:0
BRDA:44,0,0,0
BRDA:44,0,1,0
BRDA:56,1,0,0
BRDA:56,1,1,0
BRDA:58,2,0,0
BRDA:58,2,1,0
BRDA:62,3,0,0
BRDA:62,3,1,0
BRDA:76,4,0,0
BRDA:76,4,1,0
BRDA:94,5,0,0
BRDA:94,5,1,0
BRDA:94,6,0,0
BRDA:94,6,1,0
BRDA:104,7,0,0
BRDA:104,7,1,0
BRDA:104,8,0,0
BRDA:104,8,1,0
BRDA:128,9,0,0
BRDA:128,9,1,0
BRDA:137,10,0,0
BRDA:137,10,1,0
BRDA:147,11,0,0
BRDA:147,11,1,0
BRDA:157,12,0,0
BRDA:157,12,1,0
BRDA:167,13,0,0
BRDA:167,13,1,0
BRDA:169,14,0,0
BRDA:169,14,1,0
BRDA:220,15,0,0
BRDA:220,15,1,0
BRDA:221,16,0,0
BRDA:221,16,1,0
BRDA:226,17,0,0
BRDA:226,17,1,0
BRDA:238,18,0,0
BRDA:238,18,1,0
BRDA:289,19,0,0
BRDA:289,19,1,0
BRDA:290,20,0,0
BRDA:290,20,1,0
BRDA:290,21,0,0
BRDA:290,21,1,0
BRDA:291,22,0,0
BRDA:291,22,1,0
BRDA:292,23,0,0
BRDA:292,23,1,0
BRDA:293,24,0,0
BRDA:293,24,1,0
BRDA:303,25,0,0
BRDA:303,25,1,0
BRDA:308,26,0,0
BRDA:308,26,1,0
BRDA:309,27,0,0
BRDA:309,27,1,0
BRDA:309,27,2,0
BRDA:310,28,0,0
BRDA:310,28,1,0
BRDA:310,28,2,0
BRDA:310,28,3,0
BRDA:337,29,0,0
BRDA:337,29,1,0
BRDA:343,30,0,0
BRDA:343,30,1,0
BRDA:396,31,0,0
BRDA:396,31,1,0
BRDA:406,32,0,0
BRDA:406,32,1,0
BRDA:410,33,0,0
BRDA:410,33,1,0
BRDA:410,34,0,0
BRDA:410,34,1,0
BRDA:410,34,2,0
BRDA:413,35,0,0
BRDA:413,35,1,0
BRDA:418,36,0,0
BRDA:418,36,1,0
BRDA:420,37,0,0
BRDA:420,37,1,0
BRDA:422,38,0,0
BRDA:422,38,1,0
BRDA:430,39,0,0
BRDA:430,39,1,0
BRDA:450,40,0,0
BRDA:450,40,1,0
BRDA:490,41,0,0
BRDA:490,41,1,0
BRDA:495,42,0,0
BRDA:495,42,1,0
BRDA:512,43,0,0
BRDA:512,43,1,0
BRDA:527,44,0,0
BRDA:527,44,1,0
BRDA:527,45,0,0
BRDA:527,45,1,0
BRDA:535,46,0,0
BRDA:535,46,1,0
BRDA:550,47,0,0
BRDA:550,47,1,0
BRDA:552,48,0,0
BRDA:552,48,1,0
BRDA:554,49,0,0
BRDA:554,49,1,0
BRDA:556,50,0,0
BRDA:556,50,1,0
BRDA:558,51,0,0
BRDA:558,51,1,0
BRDA:567,52,0,0
BRDA:567,52,1,0
BRDA:575,53,0,0
BRDA:575,53,1,0
BRDA:593,54,0,0
BRDA:593,54,1,0
BRDA:594,55,0,0
BRDA:594,55,1,0
BRDA:594,56,0,0
BRDA:594,56,1,0
BRDA:598,57,0,0
BRDA:598,57,1,0
BRDA:598,58,0,0
BRDA:598,58,1,0
BRDA:672,59,0,0
BRDA:672,59,1,0
BRDA:690,60,0,0
BRDA:690,60,1,0
BRDA:693,61,0,0
BRDA:693,61,1,0
BRDA:698,62,0,0
BRDA:698,62,1,0
BRDA:722,63,0,0
BRDA:722,63,1,0
BRDA:723,64,0,0
BRDA:723,64,1,0
BRDA:736,65,0,0
BRDA:736,65,1,0
BRDA:743,66,0,0
BRDA:743,66,1,0
BRDA:743,67,0,0
BRDA:743,67,1,0
BRDA:762,68,0,0
BRDA:762,68,1,0
BRDA:762,69,0,0
BRDA:762,69,1,0
BRDA:771,70,0,0
BRDA:771,70,1,0
BRDA:772,71,0,0
BRDA:772,71,1,0
BRDA:777,72,0,0
BRDA:777,72,1,0
BRDA:781,73,0,0
BRDA:781,73,1,0
BRDA:789,74,0,0
BRDA:789,74,1,0
BRDA:792,75,0,0
BRDA:792,75,1,0
BRDA:793,76,0,0
BRDA:793,76,1,0
BRDA:805,77,0,0
BRDA:805,77,1,0
BRDA:805,78,0,0
BRDA:805,78,1,0
BRDA:815,79,0,0
BRDA:815,79,1,0
BRDA:818,80,0,0
BRDA:818,80,1,0
BRDA:819,81,0,0
BRDA:819,81,1,0
BRDA:831,82,0,0
BRDA:831,82,1,0
BRDA:835,83,0,0
BRDA:835,83,1,0
BRDA:845,84,0,0
BRDA:845,84,1,0
BRDA:845,85,0,0
BRDA:845,85,1,0
BRDA:848,86,0,0
BRDA:848,86,1,0
BRDA:930,87,0,0
BRDA:930,87,1,0
BRDA:931,88,0,0
BRDA:931,88,1,0
BRDA:934,89,0,0
BRDA:934,89,1,0
BRDA:943,90,0,0
BRDA:943,90,1,0
BRDA:948,91,0,0
BRDA:948,91,1,0
BRDA:952,92,0,0
BRDA:952,92,1,0
BRDA:959,93,0,0
BRDA:959,93,1,0
BRDA:959,94,0,0
BRDA:959,94,1,0
BRDA:966,95,0,0
BRDA:966,95,1,0
BRDA:966,96,0,0
BRDA:966,96,1,0
BRDA:970,97,0,0
BRDA:970,97,1,0
BRDA:984,98,0,0
BRDA:984,98,1,0
BRDA:985,99,0,0
BRDA:985,99,1,0
BRDA:985,100,0,0
BRDA:985,100,1,0
BRDA:998,101,0,0
BRDA:998,101,1,0
BRDA:1004,102,0,0
BRDA:1004,102,1,0
BRDA:1012,103,0,0
BRDA:1012,103,1,0
BRDA:1040,104,0,0
BRDA:1040,104,1,0
BRDA:1040,105,0,0
BRDA:1040,105,1,0
BRDA:1048,106,0,0
BRDA:1048,106,1,0
BRDA:1051,107,0,0
BRDA:1051,107,1,0
BRDA:1058,108,0,0
BRDA:1058,108,1,0
BRDA:1062,109,0,0
BRDA:1062,109,1,0
BRDA:1070,110,0,0
BRDA:1070,110,1,0
BRDA:1072,111,0,0
BRDA:1072,111,1,0
BRDA:1074,112,0,0
BRDA:1074,112,1,0
BRDA:1076,113,0,0
BRDA:1076,113,1,0
BRDA:1078,114,0,0
BRDA:1078,114,1,0
BRDA:1080,115,0,0
BRDA:1080,115,1,0
BRDA:1083,116,0,0
BRDA:1083,116,1,0
BRDA:1085,117,0,0
BRDA:1085,117,1,0
BRDA:1102,118,0,0
BRDA:1102,118,1,0
BRDA:1105,119,0,0
BRDA:1105,119,1,0
BRDA:1105,120,0,0
BRDA:1105,120,1,0
BRDA:1123,121,0,0
BRDA:1123,121,1,0
BRDA:1126,122,0,0
BRDA:1126,122,1,0
BRDA:1134,123,0,0
BRDA:1134,123,1,0
BRDA:1134,124,0,0
BRDA:1134,124,1,0
BRDA:1141,125,0,0
BRDA:1141,125,1,0
BRDA:1149,126,0,0
BRDA:1149,126,1,0
BRDA:1157,127,0,0
BRDA:1157,127,1,0
BRDA:1191,128,0,0
BRDA:1191,128,1,0
BRDA:1211,129,0,0
BRDA:1211,129,1,0
BRDA:1218,130,0,0
BRDA:1218,130,1,0
BRDA:1233,131,0,0
BRDA:1233,131,1,0
BRDA:1235,132,0,0
BRDA:1235,132,1,0
BRDA:1249,133,0,0
BRDA:1249,133,1,0
BRDA:1253,134,0,0
BRDA:1253,134,1,0
BRDA:1258,135,0,0
BRDA:1258,135,1,0
BRDA:1271,136,0,0
BRDA:1271,136,1,0
BRDA:1271,137,0,0
BRDA:1271,137,1,0
BRDA:1282,138,0,0
BRDA:1282,138,1,0
BRDA:1291,139,0,0
BRDA:1291,139,1,0
BRDA:1307,140,0,0
BRDA:1307,140,1,0
BRDA:1340,141,0,0
BRDA:1340,141,1,0
BRDA:1347,142,0,0
BRDA:1347,142,1,0
BRDA:1362,143,0,0
BRDA:1362,143,1,0
BRDA:1364,144,0,0
BRDA:1364,144,1,0
BRDA:1377,145,0,0
BRDA:1377,145,1,0
BRDA:1381,146,0,0
BRDA:1381,146,1,0
BRDA:1386,147,0,0
BRDA:1386,147,1,0
BRDA:1399,148,0,0
BRDA:1399,148,1,0
BRDA:1399,149,0,0
BRDA:1399,149,1,0
BRDA:1410,150,0,0
BRDA:1410,150,1,0
BRDA:1415,151,0,0
BRDA:1415,151,1,0
BRDA:1431,152,0,0
BRDA:1431,152,1,0
BRDA:1461,153,0,0
BRDA:1461,153,1,0
BRDA:1465,154,0,0
BRDA:1465,154,1,0
BRDA:1488,155,0,0
BRDA:1488,155,1,0
BRDA:1494,156,0,0
BRDA:1494,156,1,0
BRDA:1507,157,0,0
BRDA:1507,157,1,0
BRDA:1515,158,0,0
BRDA:1515,158,1,0
BRDA:1519,159,0,0
BRDA:1519,159,1,0
BRDA:1519,160,0,0
BRDA:1519,160,1,0
BRDA:1521,161,0,0
BRDA:1521,161,1,0
BRDA:1521,162,0,0
BRDA:1521,162,1,0
BRDA:1521,162,2,0
BRDA:1522,163,0,0
BRDA:1522,163,1,0
BRDA:1532,164,0,0
BRDA:1532,164,1,0
BRDA:1532,165,0,0
BRDA:1532,165,1,0
BRDA:1538,166,0,0
BRDA:1538,166,1,0
BRDA:1561,167,0,0
BRDA:1561,167,1,0
BRDA:1584,168,0,0
BRDA:1584,168,1,0
BRDA:1590,169,0,0
BRDA:1590,169,1,0
BRDA:1603,170,0,0
BRDA:1603,170,1,0
BRDA:1611,171,0,0
BRDA:1611,171,1,0
BRDA:1615,172,0,0
BRDA:1615,172,1,0
BRDA:1615,173,0,0
BRDA:1615,173,1,0
BRDA:1617,174,0,0
BRDA:1617,174,1,0
BRDA:1617,175,0,0
BRDA:1617,175,1,0
BRDA:1617,175,2,0
BRDA:1618,176,0,0
BRDA:1618,176,1,0
BRDA:1628,177,0,0
BRDA:1628,177,1,0
BRDA:1628,178,0,0
BRDA:1628,178,1,0
BRDA:1634,179,0,0
BRDA:1634,179,1,0
BRDA:1663,180,0,0
BRDA:1663,180,1,0
BRDA:1696,181,0,0
BRDA:1696,181,1,0
BRDA:1696,182,0,0
BRDA:1696,182,1,0
BRDA:1714,183,0,0
BRDA:1714,183,1,0
BRDA:1714,183,2,0
BRDA:1714,183,3,0
BRDA:1714,183,4,0
BRDA:1714,183,5,0
BRDA:1714,183,6,0
BRDA:1714,183,7,0
BRDA:1728,184,0,0
BRDA:1728,184,1,0
BRDA:1728,185,0,0
BRDA:1728,185,1,0
BRDA:1729,186,0,0
BRDA:1729,186,1,0
BRDA:1757,187,0,0
BRDA:1757,187,1,0
BRDA:1864,188,0,0
BRDA:1864,188,1,0
BRDA:1865,189,0,0
BRDA:1865,189,1,0
BRDA:1869,190,0,0
BRDA:1869,190,1,0
BRDA:1881,191,0,0
BRDA:1881,191,1,0
BRDA:1881,192,0,0
BRDA:1881,192,1,0
BRDA:1887,193,0,0
BRDA:1887,193,1,0
BRDA:1887,194,0,0
BRDA:1887,194,1,0
BRDA:1894,195,0,0
BRDA:1894,195,1,0
BRDA:1910,196,0,0
BRDA:1910,196,1,0
BRDA:1915,197,0,0
BRDA:1915,197,1,0
BRDA:1931,198,0,0
BRDA:1931,198,1,0
BRDA:1944,199,0,0
BRDA:1944,199,1,0
BRDA:1965,200,0,0
BRDA:1965,200,1,0
BRDA:1965,201,0,0
BRDA:1965,201,1,0
BRDA:1971,202,0,0
BRDA:1971,202,1,0
BRDA:1971,203,0,0
BRDA:1971,203,1,0
BRDA:1977,204,0,0
BRDA:1977,204,1,0
BRDA:1977,205,0,0
BRDA:1977,205,1,0
BRDA:1984,206,0,0
BRDA:1984,206,1,0
BRDA:2027,207,0,0
BRDA:2027,207,1,0
BRDA:2032,208,0,0
BRDA:2032,208,1,0
BRDA:2038,209,0,0
BRDA:2038,209,1,0
BRDA:2050,210,0,0
BRDA:2050,210,1,0
BRDA:2055,211,0,0
BRDA:2055,211,1,0
BRDA:2067,212,0,0
BRDA:2067,212,1,0
BRDA:2080,213,0,0
BRDA:2080,213,1,0
BRDA:2094,214,0,0
BRDA:2094,214,1,0
BRDA:2094,215,0,0
BRDA:2094,215,1,0
BRDA:2094,215,2,0
BRDA:2094,215,3,0
BRDA:2100,216,0,0
BRDA:2100,216,1,0
BRDA:2113,217,0,0
BRDA:2113,217,1,0
BRDA:2113,218,0,0
BRDA:2113,218,1,0
BRDA:2113,218,2,0
BRDA:2113,218,3,0
BRDA:2125,219,0,0
BRDA:2125,219,1,0
BRDA:2135,220,0,0
BRDA:2135,220,1,0
BRDA:2175,221,0,0
BRDA:2175,221,1,0
BRDA:2177,222,0,0
BRDA:2177,222,1,0
BRDA:2177,223,0,0
BRDA:2177,223,1,0
BRF:464
BRH:0
end_of_record
TN:
SF:c:\MyProg\cordova-react-example-master\platforms\android\app\src\main\assets\www\cordova_plugins.js
FN:1,(anonymous_0)
FNF:1
FNH:0
FNDA:0,(anonymous_0)
DA:1,0
DA:2,0
DA:3,0
LF:3
LH:0
BRF:0
BRH:0
end_of_record
TN:
SF:c:\MyProg\cordova-react-example-master\platforms\android\app\src\main\assets\www\cordova-js-src\exec.js
FN:65,(anonymous_0)
FN:65,(anonymous_1)
FN:67,androidExec
FN:111,(anonymous_3)
FN:116,pollOnceFromOnlineEvent
FN:120,pollOnce
FN:134,pollingTimerFunc
FN:141,hookOnlineApis
FN:142,proxyEvent
FN:162,(anonymous_9)
FN:170,(anonymous_10)
FN:191,buildPayload
FN:223,processMessage
FN:244,processMessages
FN:270,popMessageFromQueue
FNF:15
FNH:0
FNDA:0,(anonymous_0)
FNDA:0,(anonymous_1)
FNDA:0,androidExec
FNDA:0,(anonymous_3)
FNDA:0,pollOnceFromOnlineEvent
FNDA:0,pollOnce
FNDA:0,pollingTimerFunc
FNDA:0,hookOnlineApis
FNDA:0,proxyEvent
FNDA:0,(anonymous_9)
FNDA:0,(anonymous_10)
FNDA:0,buildPayload
FNDA:0,processMessage
FNDA:0,processMessages
FNDA:0,popMessageFromQueue
DA:36,0
DA:37,0
DA:38,0
DA:39,0
DA:40,0
DA:41,0
DA:45,0
DA:58,0
DA:59,0
DA:60,0
DA:62,0
DA:63,0
DA:64,0
DA:65,0
DA:68,0
DA:73,0
DA:77,0
DA:78,0
DA:82,0
DA:85,0
DA:86,0
DA:87,0
DA:91,0
DA:92,0
DA:93,0
DA:94,0
DA:97,0
DA:100,0
DA:101,0
DA:102,0
DA:103,0
DA:104,0
DA:105,0
DA:107,0
DA:111,0
DA:112,0
DA:113,0
DA:117,0
DA:121,0
DA:124,0
DA:126,0
DA:127,0
DA:128,0
DA:130,0
DA:135,0
DA:136,0
DA:137,0
DA:143,0
DA:149,0
DA:150,0
DA:151,0
DA:152,0
DA:153,0
DA:154,0
DA:157,0
DA:159,0
DA:160,0
DA:162,0
DA:163,0
DA:164,0
DA:166,0
DA:167,0
DA:170,0
DA:171,0
DA:172,0
DA:174,0
DA:175,0
DA:178,0
DA:181,0
DA:182,0
DA:185,0
DA:186,0
DA:187,0
DA:192,0
DA:193,0
DA:194,0
DA:195,0
DA:196,0
DA:197,0
DA:198,0
DA:199,0
DA:200,0
DA:201,0
DA:202,0
DA:203,0
DA:204,0
DA:205,0
DA:206,0
DA:207,0
DA:208,0
DA:209,0
DA:210,0
DA:211,0
DA:212,0
DA:213,0
DA:214,0
DA:215,0
DA:218,0
DA:224,0
DA:225,0
DA:227,0
DA:228,0
DA:229,0
DA:230,0
DA:231,0
DA:232,0
DA:233,0
DA:234,0
DA:235,0
DA:236,0
DA:237,0
DA:238,0
DA:240,0
DA:246,0
DA:247,0
DA:249,0
DA:250,0
DA:252,0
DA:253,0
DA:254,0
DA:257,0
DA:258,0
DA:259,0
DA:261,0
DA:263,0
DA:264,0
DA:265,0
DA:271,0
DA:272,0
DA:273,0
DA:276,0
DA:277,0
DA:278,0
DA:279,0
DA:280,0
DA:281,0
DA:283,0
DA:286,0
LF:138
LH:0
BRDA:64,0,0,0
BRDA:64,0,1,0
BRDA:65,1,0,0
BRDA:65,1,1,0
BRDA:68,2,0,0
BRDA:68,2,1,0
BRDA:77,3,0,0
BRDA:77,3,1,0
BRDA:82,4,0,0
BRDA:82,4,1,0
BRDA:86,5,0,0
BRDA:86,5,1,0
BRDA:93,6,0,0
BRDA:93,6,1,0
BRDA:93,7,0,0
BRDA:93,7,1,0
BRDA:100,8,0,0
BRDA:100,8,1,0
BRDA:100,9,0,0
BRDA:100,9,1,0
BRDA:104,10,0,0
BRDA:104,10,1,0
BRDA:121,11,0,0
BRDA:121,11,1,0
BRDA:127,12,0,0
BRDA:127,12,1,0
BRDA:135,13,0,0
BRDA:135,13,1,0
BRDA:163,14,0,0
BRDA:163,14,1,0
BRDA:163,15,0,0
BRDA:163,15,1,0
BRDA:171,16,0,0
BRDA:171,16,1,0
BRDA:174,17,0,0
BRDA:174,17,1,0
BRDA:181,18,0,0
BRDA:181,18,1,0
BRDA:185,19,0,0
BRDA:185,19,1,0
BRDA:193,20,0,0
BRDA:193,20,1,0
BRDA:195,21,0,0
BRDA:195,21,1,0
BRDA:197,22,0,0
BRDA:197,22,1,0
BRDA:199,23,0,0
BRDA:199,23,1,0
BRDA:201,24,0,0
BRDA:201,24,1,0
BRDA:203,25,0,0
BRDA:203,25,1,0
BRDA:206,26,0,0
BRDA:206,26,1,0
BRDA:208,27,0,0
BRDA:208,27,1,0
BRDA:225,28,0,0
BRDA:225,28,1,0
BRDA:228,29,0,0
BRDA:228,29,1,0
BRDA:228,30,0,0
BRDA:228,30,1,0
BRDA:246,31,0,0
BRDA:246,31,1,0
BRDA:249,32,0,0
BRDA:249,32,1,0
BRDA:257,33,0,0
BRDA:257,33,1,0
BRDA:257,34,0,0
BRDA:257,34,1,0
BRDA:264,35,0,0
BRDA:264,35,1,0
BRDA:272,36,0,0
BRDA:272,36,1,0
BRDA:280,37,0,0
BRDA:280,37,1,0
BRF:76
BRH:0
end_of_record
TN:
SF:c:\MyProg\cordova-react-example-master\platforms\android\app\src\main\assets\www\cordova-js-src\platform.js
FN:27,(anonymous_0)
FN:43,(anonymous_1)
FN:53,bindButtonChannel
FN:56,(anonymous_3)
FN:69,(anonymous_4)
FN:79,(anonymous_5)
FN:86,onMessageFromNative
FNF:7
FNH:0
FNDA:0,(anonymous_0)
FNDA:0,(anonymous_1)
FNDA:0,bindButtonChannel
FNDA:0,(anonymous_3)
FNDA:0,(anonymous_4)
FNDA:0,(anonymous_5)
FNDA:0,onMessageFromNative
DA:23,0
DA:25,0
DA:28,0
DA:29,0
DA:30,0
DA:31,0
DA:34,0
DA:37,0
DA:39,0
DA:42,0
DA:43,0
DA:46,0
DA:50,0
DA:51,0
DA:55,0
DA:56,0
DA:57,0
DA:61,0
DA:62,0
DA:67,0
DA:69,0
DA:70,0
DA:72,0
DA:73,0
DA:79,0
DA:80,0
DA:81,0
DA:87,0
DA:88,0
DA:90,0
DA:101,0
DA:102,0
DA:104,0
DA:105,0
DA:106,0
DA:109,0
DA:110,0
DA:111,0
DA:113,0
DA:118,0
DA:120,0
DA:121,0
DA:123,0
LF:43
LH:0
BRDA:39,0,0,0
BRDA:39,0,1,0
BRDA:72,1,0,0
BRDA:72,1,1,0
BRDA:72,2,0,0
BRDA:72,2,1,0
BRDA:90,3,0,0
BRDA:90,3,1,0
BRDA:90,3,2,0
BRDA:90,3,3,0
BRDA:90,3,4,0
BRDA:90,3,5,0
BRDA:90,3,6,0
BRDA:90,3,7,0
BRDA:104,4,0,0
BRDA:104,4,1,0
BRDA:104,5,0,0
BRDA:104,5,1,0
BRDA:105,6,0,0
BRDA:105,6,1,0
BRF:20
BRH:0
end_of_record
TN:
SF:c:\MyProg\cordova-react-example-master\platforms\android\app\src\main\assets\www\cordova-js-src\android\nativeapiprovider.js
FN:28,(anonymous_0)
FN:29,(anonymous_1)
FN:33,(anonymous_2)
FNF:3
FNH:0
FNDA:0,(anonymous_0)
FNDA:0,(anonymous_1)
FNDA:0,(anonymous_2)
DA:24,0
DA:25,0
DA:27,0
DA:28,0
DA:30,0
DA:34,0
LF:6
LH:0
BRDA:24,0,0,0
BRDA:24,0,1,0
BRDA:30,1,0,0
BRDA:30,1,1,0
BRF:4
BRH:0
end_of_record
TN:
SF:c:\MyProg\cordova-react-example-master\platforms\android\app\src\main\assets\www\cordova-js-src\android\promptbasednativeapi.js
FN:26,(anonymous_0)
FN:29,(anonymous_1)
FN:32,(anonymous_2)
FNF:3
FNH:0
FNDA:0,(anonymous_0)
FNDA:0,(anonymous_1)
FNDA:0,(anonymous_2)
DA:25,0
[...]
DA:2456,0
DA:2467,0
DA:2479,0
DA:2490,0
DA:2501,0
DA:2512,0
DA:2523,0
DA:2534,0
DA:2545,0
DA:2556,0
DA:2567,0
DA:2578,0
DA:2589,0
DA:2601,0
DA:2612,0
DA:2624,0
DA:2636,0
DA:2648,0
DA:2660,0
DA:2672,0
DA:2684,0
DA:2696,0
DA:2708,0
DA:2720,0
DA:2732,0
DA:2744,0
DA:2756,0
DA:2768,0
DA:2780,0
DA:2792,0
DA:2803,0
DA:2815,0
DA:2827,0
DA:2839,0
DA:2851,0
DA:2862,0
DA:2873,0
DA:2885,0
DA:2897,0
DA:2909,0
DA:2921,0
DA:2933,0
DA:2945,0
DA:2957,0
DA:2969,0
DA:2980,0
DA:2991,0
DA:3002,0
DA:3013,0
DA:3024,0
DA:3035,0
DA:3046,0
DA:3057,0
DA:3068,0
DA:3079,0
DA:3091,0
DA:3103,0
DA:3115,0
DA:3126,0
DA:3137,0
DA:3148,0
DA:3160,0
DA:3172,0
DA:3184,0
DA:3195,0
DA:3206,0
DA:3217,0
DA:3228,0
DA:3239,0
DA:3251,0
DA:3263,0
DA:3275,0
DA:3287,0
DA:3299,0
DA:3311,0
DA:3323,0
DA:3334,0
DA:3346,0
DA:3358,0
DA:3370,0
DA:3382,0
DA:3393,0
DA:3405,0
DA:3417,0
DA:3429,0
DA:3440,0
LF:331
LH:0
BRDA:9,0,0,0
BRDA:9,0,1,0
BRDA:38,1,0,0
BRDA:38,1,1,0
BRDA:45,2,0,0
BRDA:45,2,1,0
BRDA:45,3,0,0
BRDA:45,3,1,0
BRDA:57,4,0,0
BRDA:57,4,1,0
BRDA:58,5,0,0
BRDA:58,5,1,0
BRDA:59,6,0,0
BRDA:59,6,1,0
BRDA:59,7,0,0
BRDA:59,7,1,0
BRDA:59,7,2,0
BRDA:59,7,3,0
BRDA:63,8,0,0
BRDA:63,8,1,0
BRDA:63,9,0,0
BRDA:63,9,1,0
BRDA:69,10,0,0
BRDA:69,10,1,0
BRDA:69,11,0,0
BRDA:69,11,1,0
BRF:26
BRH:0
end_of_record
TN:
SF:c:\MyProg\cordova-react-example-master\platforms\browser\www\js\index.js
FNF:0
FNH:0
LF:0
LH:0
BRF:0
BRH:0
end_of_record
TN:
SF:c:\MyProg\cordova-react-example-master\src\main.js
FNF:0
FNH:0
DA:7,0
LF:1
LH:0
BRF:0
BRH:0
end_of_record
TN:
SF:c:\MyProg\cordova-react-example-master\src\components\Form.js
FN:3,(anonymous_0)
FNF:1
FNH:0
FNDA:0,(anonymous_0)
DA:4,0
LF:1
LH:0
BRF:0
BRH:0
end_of_record
TN:
SF:c:\MyProg\cordova-react-example-master\src\components\Titles.js
FN:3,(anonymous_0)
FNF:1
FNH:0
FNDA:0,(anonymous_0)
DA:4,0
LF:1
LH:0
BRF:0
BRH:0
end_of_record
TN:
SF:c:\MyProg\cordova-react-example-master\src\components\Weather.js
FN:3,(anonymous_0)
FN:6,(anonymous_1)
FNF:2
FNH:0
FNDA:0,(anonymous_0)
FNDA:0,(anonymous_1)
DA:4,0
DA:7,0
LF:2
LH:0
BRDA:9,0,0,0
BRDA:9,0,1,0
BRDA:9,0,2,0
BRDA:10,1,0,0
BRDA:10,1,1,0
BRDA:11,2,0,0
BRDA:11,2,1,0
BRDA:12,3,0,0
BRDA:12,3,1,0
BRF:9
BRH:0
end_of_record
TN:
SF:c:\MyProg\cordova-react-example-master\www\js\bundle.js
FN:1,(anonymous_0)
FN:6,__webpack_require__
FN:37,(anonymous_2)
FN:44,(anonymous_3)
FN:56,(anonymous_4)
FN:63,(anonymous_5)
FN:68,(anonymous_6)
FN:70,getDefault
FN:71,getModuleExports
FN:77,(anonymous_9)
FN:94,(anonymous_10)
FN:106,(anonymous_11)
FN:117,(anonymous_12)
FN:128,(anonymous_13)
FN:139,(anonymous_14)
FN:150,(anonymous_15)
FN:161,(anonymous_16)
FN:173,(anonymous_17)
FN:184,(anonymous_18)
FN:195,(anonymous_19)
FN:206,(anonymous_20)
FN:217,(anonymous_21)
FN:228,(anonymous_22)
FN:239,(anonymous_23)
FN:251,(anonymous_24)
FN:262,(anonymous_25)
FN:273,(anonymous_26)
FN:285,(anonymous_27)
FN:297,(anonymous_28)
FN:308,(anonymous_29)
FN:319,(anonymous_30)
FN:330,(anonymous_31)
FN:341,(anonymous_32)
FN:352,(anonymous_33)
FN:364,(anonymous_34)
FN:375,(anonymous_35)
FN:386,(anonymous_36)
FN:398,(anonymous_37)
FN:410,(anonymous_38)
FN:422,(anonymous_39)
FN:433,(anonymous_40)
FN:445,(anonymous_41)
FN:456,(anonymous_42)
FN:468,(anonymous_43)
FN:480,(anonymous_44)
FN:491,(anonymous_45)
FN:502,(anonymous_46)
FN:513,(anonymous_47)
FN:524,(anonymous_48)
FN:535,(anonymous_49)
FN:546,(anonymous_50)
FN:557,(anonymous_51)
FN:568,(anonymous_52)
FN:580,(anonymous_53)
FN:592,(anonymous_54)
FN:603,(anonymous_55)
FN:614,(anonymous_56)
FN:625,(anonymous_57)
FN:636,(anonymous_58)
FN:647,(anonymous_59)
FN:658,(anonymous_60)
FN:669,(anonymous_61)
FN:680,(anonymous_62)
FN:691,(anonymous_63)
FN:702,(anonymous_64)
FN:713,(anonymous_65)
FN:724,(anonymous_66)
FN:735,(anonymous_67)
FN:746,(anonymous_68)
FN:757,(anonymous_69)
FN:769,(anonymous_70)
FN:781,(anonymous_71)
FN:792,(anonymous_72)
FN:803,(anonymous_73)
FN:814,(anonymous_74)
FN:825,(anonymous_75)
FN:836,(anonymous_76)
FN:847,(anonymous_77)
FN:858,(anonymous_78)
FN:869,(anonymous_79)
FN:880,(anonymous_80)
FN:891,(anonymous_81)
FN:903,(anonymous_82)
FN:915,(anonymous_83)
FN:926,(anonymous_84)
FN:937,(anonymous_85)
FN:948,(anonymous_86)
FN:959,(anonymous_87)
FN:970,(anonymous_88)
FN:981,(anonymous_89)
FN:992,(anonymous_90)
FN:1003,(anonymous_91)
FN:1014,(anonymous_92)
FN:1025,(anonymous_93)
FN:1036,(anonymous_94)
FN:1047,(anonymous_95)
FN:1058,(anonymous_96)
FN:1069,(anonymous_97)
FN:1080,(anonymous_98)
FN:1091,(anonymous_99)
FN:1102,(anonymous_100)
FN:1113,(anonymous_101)
FN:1124,(anonymous_102)
FN:1135,(anonymous_103)
FN:1146,(anonymous_104)
FN:1158,(anonymous_105)
FN:1170,(anonymous_106)
FN:1181,(anonymous_107)
FN:1192,(anonymous_108)
FN:1204,(anonymous_109)
FN:1215,(anonymous_110)
FN:1226,(anonymous_111)
FN:1237,(anonymous_112)
FN:1248,(anonymous_113)
FN:1260,(anonymous_114)
FN:1271,(anonymous_115)
FN:1282,(anonymous_116)
FN:1293,(anonymous_117)
FN:1304,(anonymous_118)
FN:1316,(anonymous_119)
FN:1327,(anonymous_120)
FN:1338,(anonymous_121)
FN:1349,(anonymous_122)
FN:1360,(anonymous_123)
FN:1371,(anonymous_124)
FN:1382,(anonymous_125)
FN:1393,(anonymous_126)
FN:1404,(anonymous_127)
FN:1415,(anonymous_128)
FN:1426,(anonymous_129)
FN:1438,(anonymous_130)
FN:1450,(anonymous_131)
FN:1461,(anonymous_132)
FN:1472,(anonymous_133)
FN:1483,(anonymous_134)
FN:1494,(anonymous_135)
FN:1505,(anonymous_136)
FN:1516,(anonymous_137)
FN:1527,(anonymous_138)
FN:1538,(anonymous_139)
FN:1549,(anonymous_140)
FN:1561,(anonymous_141)
FN:1572,(anonymous_142)
FN:1584,(anonymous_143)
FN:1596,(anonymous_144)
FN:1608,(anonymous_145)
FN:1620,(anonymous_146)
FN:1632,(anonymous_147)
FN:1644,(anonymous_148)
FN:1655,(anonymous_149)
FN:1667,(anonymous_150)
FN:1679,(anonymous_151)
FN:1691,(anonymous_152)
FN:1703,(anonymous_153)
FN:1715,(anonymous_154)
FN:1727,(anonymous_155)
FN:1739,(anonymous_156)
FN:1751,(anonymous_157)
FN:1763,(anonymous_158)
FN:1775,(anonymous_159)
FN:1786,(anonymous_160)
FN:1797,(anonymous_161)
FN:1808,(anonymous_162)
FN:1820,(anonymous_163)
FN:1831,(anonymous_164)
FN:1842,(anonymous_165)
FN:1853,(anonymous_166)
FN:1865,(anonymous_167)
FN:1876,(anonymous_168)
FN:1888,(anonymous_169)
FN:1899,(anonymous_170)
FN:1910,(anonymous_171)
FN:1921,(anonymous_172)
FN:1932,(anonymous_173)
FN:1943,(anonymous_174)
FN:1954,(anonymous_175)
FN:1965,(anonymous_176)
FN:1976,(anonymous_177)
FN:1987,(anonymous_178)
FN:1998,(anonymous_179)
FN:2009,(anonymous_180)
FN:2020,(anonymous_181)
FN:2031,(anonymous_182)
FN:2042,(anonymous_183)
FN:2053,(anonymous_184)
FN:2064,(anonymous_185)
FN:2075,(anonymous_186)
FN:2087,(anonymous_187)
FN:2098,(anonymous_188)
FN:2109,(anonymous_189)
FN:2120,(anonymous_190)
FN:2131,(anonymous_191)
FN:2142,(anonymous_192)
FN:2153,(anonymous_193)
FN:2164,(anonymous_194)
FN:2175,(anonymous_195)
FN:2186,(anonymous_196)
FN:2198,(anonymous_197)
FN:2210,(anonymous_198)
FN:2221,(anonymous_199)
FN:2232,(anonymous_200)
FN:2243,(anonymous_201)
FN:2254,(anonymous_202)
FN:2265,(anonymous_203)
FN:2276,(anonymous_204)
FN:2287,(anonymous_205)
FN:2298,(anonymous_206)
FN:2309,(anonymous_207)
FN:2320,(anonymous_208)
FN:2331,(anonymous_209)
FN:2342,(anonymous_210)
FN:2353,(anonymous_211)
FN:2364,(anonymous_212)
FN:2375,(anonymous_213)
FN:2386,(anonymous_214)
FN:2398,(anonymous_215)
FN:2409,(anonymous_216)
FN:2420,(anonymous_217)
FN:2432,(anonymous_218)
FN:2443,(anonymous_219)
FN:2454,(anonymous_220)
FN:2465,(anonymous_221)
FN:2476,(anonymous_222)
FN:2488,(anonymous_223)
FN:2499,(anonymous_224)
FN:2510,(anonymous_225)
FN:2521,(anonymous_226)
FN:2532,(anonymous_227)
FN:2543,(anonymous_228)
FN:2554,(anonymous_229)
FN:2565,(anonymous_230)
FN:2576,(anonymous_231)
FN:2587,(anonymous_232)
FN:2598,(anonymous_233)
FN:2610,(anonymous_234)
FN:2621,(anonymous_235)
FN:2633,(anonymous_236)
FN:2645,(anonymous_237)
FN:2657,(anonymous_238)
FN:2669,(anonymous_239)
FN:2681,(anonymous_240)
FN:2693,(anonymous_241)
FN:2705,(anonymous_242)
FN:2717,(anonymous_243)
FN:2729,(anonymous_244)
FN:2741,(anonymous_245)
FN:2753,(anonymous_246)
FN:2765,(anonymous_247)
FN:2777,(anonymous_248)
FN:2789,(anonymous_249)
FN:2801,(anonymous_250)
FN:2812,(anonymous_251)
FN:2824,(anonymous_252)
FN:2836,(anonymous_253)
FN:2848,(anonymous_254)
FN:2860,(anonymous_255)
FN:2871,(anonymous_256)
FN:2882,(anonymous_257)
FN:2894,(anonymous_258)
FN:2906,(anonymous_259)
FN:2918,(anonymous_260)
FN:2930,(anonymous_261)
FN:2942,(anonymous_262)
FN:2954,(anonymous_263)
FN:2966,(anonymous_264)
FN:2978,(anonymous_265)
FN:2989,(anonymous_266)
FN:3000,(anonymous_267)
FN:3011,(anonymous_268)
FN:3022,(anonymous_269)
FN:3033,(anonymous_270)
FN:3044,(anonymous_271)
FN:3055,(anonymous_272)
FN:3066,(anonymous_273)
FN:3077,(anonymous_274)
FN:3088,(anonymous_275)
FN:3100,(anonymous_276)
FN:3112,(anonymous_277)
FN:3124,(anonymous_278)
FN:3135,(anonymous_279)
FN:3146,(anonymous_280)
FN:3157,(anonymous_281)
FN:3169,(anonymous_282)
FN:3181,(anonymous_283)
FN:3193,(anonymous_284)
FN:3204,(anonymous_285)
FN:3215,(anonymous_286)
FN:3226,(anonymous_287)
FN:3237,(anonymous_288)
FN:3248,(anonymous_289)
FN:3260,(anonymous_290)
FN:3272,(anonymous_291)
FN:3284,(anonymous_292)
FN:3296,(anonymous_293)
FN:3308,(anonymous_294)
FN:3320,(anonymous_295)
FN:3332,(anonymous_296)
FN:3343,(anonymous_297)
FN:3355,(anonymous_298)
FN:3367,(anonymous_299)
FN:3379,(anonymous_300)
FN:3391,(anonymous_301)
FN:3402,(anonymous_302)
FN:3414,(anonymous_303)
FN:3426,(anonymous_304)
FN:3438,(anonymous_305)
FNF:306
FNH:0
FNDA:0,(anonymous_0)
FNDA:0,__webpack_require__
FNDA:0,(anonymous_2)
FNDA:0,(anonymous_3)
FNDA:0,(anonymous_4)
FNDA:0,(anonymous_5)
FNDA:0,(anonymous_6)
FNDA:0,getDefault
FNDA:0,getModuleExports
FNDA:0,(anonymous_9)
FNDA:0,(anonymous_10)
FNDA:0,(anonymous_11)
FNDA:0,(anonymous_12)
FNDA:0,(anonymous_13)
FNDA:0,(anonymous_14)
FNDA:0,(anonymous_15)
FNDA:0,(anonymous_16)
FNDA:0,(anonymous_17)
FNDA:0,(anonymous_18)
FNDA:0,(anonymous_19)
FNDA:0,(anonymous_20)
FNDA:0,(anonymous_21)
FNDA:0,(anonymous_22)
FNDA:0,(anonymous_23)
FNDA:0,(anonymous_24)
FNDA:0,(anonymous_25)
FNDA:0,(anonymous_26)
FNDA:0,(anonymous_27)
FNDA:0,(anonymous_28)
FNDA:0,(anonymous_29)
FNDA:0,(anonymous_30)
FNDA:0,(anonymous_31)
FNDA:0,(anonymous_32)
FNDA:0,(anonymous_33)
FNDA:0,(anonymous_34)
FNDA:0,(anonymous_35)
FNDA:0,(anonymous_36)
FNDA:0,(anonymous_37)
FNDA:0,(anonymous_38)
FNDA:0,(anonymous_39)
FNDA:0,(anonymous_40)
FNDA:0,(anonymous_41)
FNDA:0,(anonymous_42)
FNDA:0,(anonymous_43)
FNDA:0,(anonymous_44)
FNDA:0,(anonymous_45)
FNDA:0,(anonymous_46)
FNDA:0,(anonymous_47)
FNDA:0,(anonymous_48)
FNDA:0,(anonymous_49)
FNDA:0,(anonymous_50)
FNDA:0,(anonymous_51)
FNDA:0,(anonymous_52)
FNDA:0,(anonymous_53)
FNDA:0,(anonymous_54)
FNDA:0,(anonymous_55)
FNDA:0,(anonymous_56)
FNDA:0,(anonymous_57)
FNDA:0,(anonymous_58)
FNDA:0,(anonymous_59)
FNDA:0,(anonymous_60)
FNDA:0,(anonymous_61)
FNDA:0,(anonymous_62)
FNDA:0,(anonymous_63)
FNDA:0,(anonymous_64)
FNDA:0,(anonymous_65)
FNDA:0,(anonymous_66)
FNDA:0,(anonymous_67)
FNDA:0,(anonymous_68)
FNDA:0,(anonymous_69)
FNDA:0,(anonymous_70)
FNDA:0,(anonymous_71)
FNDA:0,(anonymous_72)
FNDA:0,(anonymous_73)
FNDA:0,(anonymous_74)
FNDA:0,(anonymous_75)
FNDA:0,(anonymous_76)
FNDA:0,(anonymous_77)
FNDA:0,(anonymous_78)
FNDA:0,(anonymous_79)
FNDA:0,(anonymous_80)
FNDA:0,(anonymous_81)
FNDA:0,(anonymous_82)
FNDA:0,(anonymous_83)
FNDA:0,(anonymous_84)
FNDA:0,(anonymous_85)
FNDA:0,(anonymous_86)
FNDA:0,(anonymous_87)
FNDA:0,(anonymous_88)
FNDA:0,(anonymous_89)
FNDA:0,(anonymous_90)
FNDA:0,(anonymous_91)
FNDA:0,(anonymous_92)
FNDA:0,(anonymous_93)
FNDA:0,(anonymous_94)
FNDA:0,(anonymous_95)
FNDA:0,(anonymous_96)
FNDA:0,(anonymous_97)
FNDA:0,(anonymous_98)
FNDA:0,(anonymous_99)
FNDA:0,(anonymous_100)
FNDA:0,(anonymous_101)
FNDA:0,(anonymous_102)
FNDA:0,(anonymous_103)
FNDA:0,(anonymous_104)
FNDA:0,(anonymous_105)
FNDA:0,(anonymous_106)
FNDA:0,(anonymous_107)
FNDA:0,(anonymous_108)
FNDA:0,(anonymous_109)
FNDA:0,(anonymous_110)
FNDA:0,(anonymous_111)
FNDA:0,(anonymous_112)
FNDA:0,(anonymous_113)
FNDA:0,(anonymous_114)
FNDA:0,(anonymous_115)
FNDA:0,(anonymous_116)
FNDA:0,(anonymous_117)
FNDA:0,(anonymous_118)
FNDA:0,(anonymous_119)
FNDA:0,(anonymous_120)
FNDA:0,(anonymous_121)
FNDA:0,(anonymous_122)
FNDA:0,(anonymous_123)
FNDA:0,(anonymous_124)
FNDA:0,(anonymous_125)
FNDA:0,(anonymous_126)
FNDA:0,(anonymous_127)
FNDA:0,(anonymous_128)
FNDA:0,(anonymous_129)
FNDA:0,(anonymous_130)
FNDA:0,(anonymous_131)
FNDA:0,(anonymous_132)
FNDA:0,(anonymous_133)
FNDA:0,(anonymous_134)
FNDA:0,(anonymous_135)
FNDA:0,(anonymous_136)
FNDA:0,(anonymous_137)
FNDA:0,(anonymous_138)
FNDA:0,(anonymous_139)
FNDA:0,(anonymous_140)
FNDA:0,(anonymous_141)
FNDA:0,(anonymous_142)
FNDA:0,(anonymous_143)
FNDA:0,(anonymous_144)
FNDA:0,(anonymous_145)
FNDA:0,(anonymous_146)
FNDA:0,(anonymous_147)
FNDA:0,(anonymous_148)
FNDA:0,(anonymous_149)
FNDA:0,(anonymous_150)
FNDA:0,(anonymous_151)
FNDA:0,(anonymous_152)
FNDA:0,(anonymous_153)
FNDA:0,(anonymous_154)
FNDA:0,(anonymous_155)
FNDA:0,(anonymous_156)
FNDA:0,(anonymous_157)
FNDA:0,(anonymous_158)
FNDA:0,(anonymous_159)
FNDA:0,(anonymous_160)
FNDA:0,(anonymous_161)
FNDA:0,(anonymous_162)
FNDA:0,(anonymous_163)
FNDA:0,(anonymous_164)
FNDA:0,(anonymous_165)
FNDA:0,(anonymous_166)
FNDA:0,(anonymous_167)
FNDA:0,(anonymous_168)
FNDA:0,(anonymous_169)
FNDA:0,(anonymous_170)
FNDA:0,(anonymous_171)
FNDA:0,(anonymous_172)
FNDA:0,(anonymous_173)
FNDA:0,(anonymous_174)
FNDA:0,(anonymous_175)
FNDA:0,(anonymous_176)
FNDA:0,(anonymous_177)
FNDA:0,(anonymous_178)
FNDA:0,(anonymous_179)
FNDA:0,(anonymous_180)
FNDA:0,(anonymous_181)
FNDA:0,(anonymous_182)
FNDA:0,(anonymous_183)
FNDA:0,(anonymous_184)
FNDA:0,(anonymous_185)
FNDA:0,(anonymous_186)
FNDA:0,(anonymous_187)
FNDA:0,(anonymous_188)
FNDA:0,(anonymous_189)
FNDA:0,(anonymous_190)
FNDA:0,(anonymous_191)
FNDA:0,(anonymous_192)
FNDA:0,(anonymous_193)
FNDA:0,(anonymous_194)
FNDA:0,(anonymous_195)
FNDA:0,(anonymous_196)
FNDA:0,(anonymous_197)
FNDA:0,(anonymous_198)
FNDA:0,(anonymous_199)
FNDA:0,(anonymous_200)
FNDA:0,(anonymous_201)
FNDA:0,(anonymous_202)
FNDA:0,(anonymous_203)
FNDA:0,(anonymous_204)
FNDA:0,(anonymous_205)
FNDA:0,(anonymous_206)
FNDA:0,(anonymous_207)
FNDA:0,(anonymous_208)
FNDA:0,(anonymous_209)
FNDA:0,(anonymous_210)
FNDA:0,(anonymous_211)
FNDA:0,(anonymous_212)
FNDA:0,(anonymous_213)
FNDA:0,(anonymous_214)
FNDA:0,(anonymous_215)
FNDA:0,(anonymous_216)
FNDA:0,(anonymous_217)
FNDA:0,(anonymous_218)
FNDA:0,(anonymous_219)
FNDA:0,(anonymous_220)
FNDA:0,(anonymous_221)
FNDA:0,(anonymous_222)
FNDA:0,(anonymous_223)
FNDA:0,(anonymous_224)
FNDA:0,(anonymous_225)
FNDA:0,(anonymous_226)
FNDA:0,(anonymous_227)
FNDA:0,(anonymous_228)
FNDA:0,(anonymous_229)
FNDA:0,(anonymous_230)
FNDA:0,(anonymous_231)
FNDA:0,(anonymous_232)
FNDA:0,(anonymous_233)
FNDA:0,(anonymous_234)
FNDA:0,(anonymous_235)
FNDA:0,(anonymous_236)
FNDA:0,(anonymous_237)
FNDA:0,(anonymous_238)
FNDA:0,(anonymous_239)
FNDA:0,(anonymous_240)
FNDA:0,(anonymous_241)
FNDA:0,(anonymous_242)
FNDA:0,(anonymous_243)
FNDA:0,(anonymous_244)
FNDA:0,(anonymous_245)
FNDA:0,(anonymous_246)
FNDA:0,(anonymous_247)
FNDA:0,(anonymous_248)
FNDA:0,(anonymous_249)
FNDA:0,(anonymous_250)
FNDA:0,(anonymous_251)
FNDA:0,(anonymous_252)
FNDA:0,(anonymous_253)
FNDA:0,(anonymous_254)
FNDA:0,(anonymous_255)
FNDA:0,(anonymous_256)
FNDA:0,(anonymous_257)
FNDA:0,(anonymous_258)
FNDA:0,(anonymous_259)
FNDA:0,(anonymous_260)
FNDA:0,(anonymous_261)
FNDA:0,(anonymous_262)
FNDA:0,(anonymous_263)
FNDA:0,(anonymous_264)
FNDA:0,(anonymous_265)
FNDA:0,(anonymous_266)
FNDA:0,(anonymous_267)
FNDA:0,(anonymous_268)
FNDA:0,(anonymous_269)
FNDA:0,(anonymous_270)
FNDA:0,(anonymous_271)
FNDA:0,(anonymous_272)
FNDA:0,(anonymous_273)
FNDA:0,(anonymous_274)
FNDA:0,(anonymous_275)
FNDA:0,(anonymous_276)
FNDA:0,(anonymous_277)
FNDA:0,(anonymous_278)
FNDA:0,(anonymous_279)
FNDA:0,(anonymous_280)
FNDA:0,(anonymous_281)
FNDA:0,(anonymous_282)
FNDA:0,(anonymous_283)
FNDA:0,(anonymous_284)
FNDA:0,(anonymous_285)
FNDA:0,(anonymous_286)
FNDA:0,(anonymous_287)
FNDA:0,(anonymous_288)
FNDA:0,(anonymous_289)
FNDA:0,(anonymous_290)
FNDA:0,(anonymous_291)
FNDA:0,(anonymous_292)
FNDA:0,(anonymous_293)
FNDA:0,(anonymous_294)
FNDA:0,(anonymous_295)
FNDA:0,(anonymous_296)
FNDA:0,(anonymous_297)
FNDA:0,(anonymous_298)
FNDA:0,(anonymous_299)
FNDA:0,(anonymous_300)
FNDA:0,(anonymous_301)
FNDA:0,(anonymous_302)
FNDA:0,(anonymous_303)
FNDA:0,(anonymous_304)
FNDA:0,(anonymous_305)
DA:1,0
DA:3,0
DA:9,0
DA:10,0
DA:13,0
DA:20,0
DA:23,0
DA:26,0
DA:31,0
DA:34,0
DA:37,0
DA:38,0
DA:39,0
DA:44,0
DA:45,0
DA:46,0
DA:48,0
DA:56,0
DA:57,0
DA:58,0
DA:59,0
DA:60,0
DA:61,0
DA:62,0
DA:63,0
DA:64,0
DA:68,0
DA:69,0
DA:70,0
DA:71,0
DA:72,0
DA:73,0
DA:77,0
DA:80,0
DA:84,0
DA:97,0
DA:108,0
DA:119,0
DA:130,0
DA:141,0
DA:152,0
DA:164,0
DA:175,0
DA:186,0
DA:197,0
DA:208,0
DA:219,0
DA:230,0
DA:242,0
DA:253,0
DA:264,0
DA:276,0
DA:288,0
DA:299,0
DA:310,0
DA:321,0
DA:332,0
DA:343,0
DA:355,0
DA:366,0
DA:377,0
DA:389,0
DA:401,0
DA:413,0
DA:424,0
DA:436,0
DA:447,0
DA:459,0
DA:471,0
DA:482,0
DA:493,0
DA:504,0
DA:515,0
DA:526,0
DA:537,0
DA:548,0
DA:559,0
DA:571,0
DA:583,0
DA:594,0
DA:605,0
DA:616,0
DA:627,0
DA:638,0
DA:649,0
DA:660,0
DA:671,0
DA:682,0
DA:693,0
DA:704,0
DA:715,0
DA:726,0
DA:737,0
DA:748,0
DA:760,0
DA:772,0
DA:783,0
DA:794,0
DA:805,0
DA:816,0
DA:827,0
DA:838,0
DA:849,0
DA:860,0
DA:871,0
DA:882,0
DA:894,0
DA:906,0
DA:917,0
DA:928,0
DA:939,0
DA:950,0
DA:961,0
DA:972,0
DA:983,0
DA:994,0
DA:1005,0
DA:1016,0
DA:1027,0
DA:1038,0
DA:1049,0
DA:1060,0
DA:1071,0
DA:1082,0
DA:1093,0
DA:1104,0
DA:1115,0
DA:1126,0
DA:1137,0
DA:1149,0
DA:1161,0
DA:1172,0
DA:1183,0
DA:1195,0
DA:1206,0
DA:1217,0
DA:1228,0
DA:1239,0
DA:1251,0
DA:1262,0
DA:1273,0
DA:1284,0
DA:1295,0
DA:1307,0
DA:1318,0
DA:1329,0
DA:1340,0
DA:1351,0
DA:1362,0
DA:1373,0
DA:1384,0
DA:1395,0
DA:1406,0
DA:1417,0
DA:1429,0
DA:1441,0
DA:1452,0
DA:1463,0
DA:1474,0
DA:1485,0
DA:1496,0
DA:1507,0
DA:1518,0
DA:1529,0
DA:1540,0
DA:1552,0
DA:1563,0
DA:1575,0
DA:1587,0
DA:1599,0
DA:1611,0
DA:1623,0
DA:1635,0
DA:1646,0
DA:1658,0
DA:1670,0
DA:1682,0
DA:1694,0
DA:1706,0
DA:1718,0
DA:1730,0
DA:1742,0
DA:1754,0
DA:1766,0
DA:1777,0
DA:1788,0
DA:1799,0
DA:1811,0
DA:1822,0
DA:1833,0
DA:1844,0
DA:1856,0
DA:1867,0
DA:1879,0
DA:1890,0
DA:1901,0
DA:1912,0
DA:1923,0
DA:1934,0
DA:1945,0
DA:1956,0
DA:1967,0
DA:1978,0
DA:1989,0
DA:2000,0
DA:2011,0
DA:2022,0
DA:2033,0
DA:2044,0
DA:2055,0
DA:2066,0
DA:2078,0
DA:2089,0
DA:2100,0
DA:2111,0
DA:2122,0
DA:2133,0
DA:2144,0
DA:2155,0
DA:2166,0
DA:2177,0
DA:2189,0
DA:2201,0
DA:2212,0
DA:2223,0
DA:2234,0
DA:2245,0
DA:2256,0
DA:2267,0
DA:2278,0
DA:2289,0
DA:2300,0
DA:2311,0
DA:2322,0
DA:2333,0
DA:2344,0
DA:2355,0
DA:2366,0
DA:2377,0
DA:2389,0
DA:2400,0
DA:2411,0
DA:2423,0
DA:2434,0
DA:2445,0
DA:2456,0
DA:2467,0
DA:2479,0
DA:2490,0
DA:2501,0
DA:2512,0
DA:2523,0
DA:2534,0
DA:2545,0
DA:2556,0
DA:2567,0
DA:2578,0
DA:2589,0
DA:2601,0
DA:2612,0
DA:2624,0
DA:2636,0
DA:2648,0
DA:2660,0
DA:2672,0
DA:2684,0
DA:2696,0
DA:2708,0
DA:2720,0
DA:2732,0
DA:2744,0
DA:2756,0
DA:2768,0
DA:2780,0
DA:2792,0
DA:2803,0
DA:2815,0
DA:2827,0
DA:2839,0
DA:2851,0
DA:2862,0
DA:2873,0
DA:2885,0
DA:2897,0
DA:2909,0
DA:2921,0
DA:2933,0
DA:2945,0
DA:2957,0
DA:2969,0
DA:2980,0
DA:2991,0
DA:3002,0
DA:3013,0
DA:3024,0
DA:3035,0
DA:3046,0
DA:3057,0
DA:3068,0
DA:3079,0
DA:3091,0
DA:3103,0
DA:3115,0
DA:3126,0
DA:3137,0
DA:3148,0
DA:3160,0
DA:3172,0
DA:3184,0
DA:3195,0
DA:3206,0
DA:3217,0
DA:3228,0
DA:3239,0
DA:3251,0
DA:3263,0
DA:3275,0
DA:3287,0
DA:3299,0
DA:3311,0
DA:3323,0
DA:3334,0
DA:3346,0
DA:3358,0
DA:3370,0
DA:3382,0
DA:3393,0
DA:3405,0
DA:3417,0
DA:3429,0
DA:3440,0
LF:331
LH:0
BRDA:9,0,0,0
BRDA:9,0,1,0
BRDA:38,1,0,0
BRDA:38,1,1,0
BRDA:45,2,0,0
BRDA:45,2,1,0
BRDA:45,3,0,0
BRDA:45,3,1,0
BRDA:57,4,0,0
BRDA:57,4,1,0
BRDA:58,5,0,0
BRDA:58,5,1,0
BRDA:59,6,0,0
BRDA:59,6,1,0
BRDA:59,7,0,0
BRDA:59,7,1,0
BRDA:59,7,2,0
BRDA:59,7,3,0
BRDA:63,8,0,0
BRDA:63,8,1,0
BRDA:63,9,0,0
BRDA:63,9,1,0
BRDA:69,10,0,0
BRDA:69,10,1,0
BRDA:69,11,0,0
BRDA:69,11,1,0
BRF:26
BRH:0
end_of_record
TN:
SF:c:\MyProg\cordova-react-example-master\www\js\index.js
FNF:0
FNH:0
LF:0
LH:0
BRF:0
BRH:0
end_of_record
